==============================================
Stage 1: Data Pipeline & Episodic Sampling
==============================================
Loading datasets: ['tox21', 'toxcast', 'muv', 'sider']
[TOX21] 7823 molecules, 12 valid tasks (min_pos=16)
[TOXCAST] 8579 molecules, 617 valid tasks (min_pos=16)
[MUV] 93087 molecules, 17 valid tasks (min_pos=16)
[SIDER] 1427 molecules, 27 valid tasks (min_pos=16)
Total: 110916 molecules, 673 tasks

--- Task-level meta-splits ---
  meta-train: 405 tasks
  meta-val: 134 tasks
  meta-test: 134 tasks

--- Per-task statistics ---
  muv_0:    27 pos, 14814 neg
  muv_1:    29 pos, 14705 neg
  muv_10:    29 pos, 14662 neg
  muv_11:    29 pos, 14615 neg
  muv_12:    30 pos, 14637 neg
  muv_13:    30 pos, 14681 neg
  muv_14:    29 pos, 14622 neg
  muv_15:    29 pos, 14745 neg
  muv_16:    24 pos, 14722 neg
  muv_2:    30 pos, 14698 neg
  muv_3:    30 pos, 14593 neg
  muv_4:    29 pos, 14873 neg
  muv_5:    29 pos, 14572 neg
  muv_6:    30 pos, 14614 neg
  muv_7:    28 pos, 14383 neg
  muv_8:    29 pos, 14807 neg
  muv_9:    28 pos, 14654 neg
  sider_0:   743 pos,   684 neg
  sider_1:   996 pos,   431 neg
  sider_10:   376 pos,  1051 neg
  sider_11:  1292 pos,   135 neg
  sider_12:   323 pos,  1104 neg
  sider_13:   213 pos,  1214 neg
  sider_14:  1108 pos,   319 neg
  sider_15:   885 pos,   542 neg
  sider_16:  1318 pos,   109 neg
  sider_17:   253 pos,  1174 neg
  sider_18:  1006 pos,   421 neg
  sider_19:  1060 pos,   367 neg
  sider_2:    22 pos,  1405 neg
  sider_20:  1016 pos,   411 neg
  sider_21:   911 pos,   516 neg
  sider_22:   125 pos,  1302 neg
  sider_23:   659 pos,   768 neg
  sider_24:   988 pos,   439 neg
  sider_25:  1304 pos,   123 neg
  sider_26:   946 pos,   481 neg
  sider_3:   876 pos,   551 neg
  sider_4:  1151 pos,   276 neg
  sider_5:   997 pos,   430 neg
  sider_6:  1298 pos,   129 neg
  sider_7:   251 pos,  1176 neg
  sider_8:  1024 pos,   403 neg
  sider_9:   727 pos,   700 neg
  tox21_0:   308 pos,  6950 neg
  tox21_1:   237 pos,  6514 neg
  tox21_10:   918 pos,  4886 neg
  tox21_11:   423 pos,  6344 neg
  tox21_2:   768 pos,  5774 neg
  tox21_3:   300 pos,  5515 neg
  tox21_4:   791 pos,  5395 neg
  tox21_5:   349 pos,  6599 neg
  tox21_6:   186 pos,  6257 neg
  tox21_7:   942 pos,  4883 neg
  tox21_8:   264 pos,  6801 neg
  tox21_9:   372 pos,  6088 neg
  toxcast_0:   443 pos,  1289 neg
  toxcast_1:   297 pos,  1435 neg
  toxcast_10:   113 pos,   906 neg
  toxcast_100:    56 pos,  3357 neg
  toxcast_101:   424 pos,  2989 neg
  toxcast_102:   344 pos,  3069 neg
  toxcast_103:    92 pos,  3321 neg
  toxcast_104:   474 pos,  2939 neg
  toxcast_105:    25 pos,  3388 neg
  toxcast_106:    64 pos,  3349 neg
  toxcast_107:   102 pos,  3311 neg
  toxcast_108:    26 pos,  3387 neg
  toxcast_109:    76 pos,  3337 neg
  toxcast_11:   131 pos,   903 neg
  toxcast_110:   724 pos,  2689 neg
  toxcast_111:    23 pos,  3390 neg
  toxcast_112:    85 pos,  3328 neg
  toxcast_113:    66 pos,  3347 neg
  toxcast_114:    37 pos,  3376 neg
  toxcast_115:    59 pos,  3354 neg
  toxcast_116:    53 pos,  3360 neg
  toxcast_117:    60 pos,  3353 neg
  toxcast_118:    30 pos,  3383 neg
  toxcast_119:    22 pos,  3391 neg
  toxcast_12:    29 pos,  1005 neg
  toxcast_120:   124 pos,  3289 neg
  toxcast_121:    52 pos,  3361 neg
  toxcast_122:    51 pos,  3362 neg
  toxcast_123:   190 pos,  3223 neg
  toxcast_124:    58 pos,  3355 neg
  toxcast_125:   276 pos,  3137 neg
  toxcast_126:   280 pos,  3133 neg
  toxcast_127:   139 pos,  3274 neg
  toxcast_128:   157 pos,  3256 neg
  toxcast_129:   104 pos,  3309 neg
  toxcast_13:    94 pos,   925 neg
  toxcast_130:    56 pos,  3357 neg
  toxcast_131:  1294 pos,  2119 neg
  toxcast_132:    31 pos,  3382 neg
  toxcast_133:   214 pos,  3199 neg
  toxcast_134:    37 pos,  3376 neg
  toxcast_135:   554 pos,  2859 neg
  toxcast_136:    31 pos,  3382 neg
  toxcast_137:   394 pos,  3019 neg
  toxcast_138:    38 pos,  3375 neg
  toxcast_139:   239 pos,  3174 neg
  toxcast_14:    77 pos,   942 neg
  toxcast_140:    72 pos,  3341 neg
  toxcast_141:   933 pos,  2480 neg
  toxcast_142:    93 pos,  3320 neg
  toxcast_143:   533 pos,  2880 neg
  toxcast_144:   333 pos,  3080 neg
  toxcast_145:  1645 pos,  1768 neg
  toxcast_146:    23 pos,  3390 neg
  toxcast_147:   971 pos,  2442 neg
  toxcast_148:   460 pos,  2953 neg
  toxcast_149:   247 pos,  3166 neg
  toxcast_15:    25 pos,   278 neg
  toxcast_150:    78 pos,  3335 neg
  toxcast_151:   138 pos,  3275 neg
  toxcast_152:    25 pos,  3388 neg
  toxcast_153:    66 pos,  3347 neg
  toxcast_154:    57 pos,  3356 neg
  toxcast_155:    30 pos,  3383 neg
  toxcast_156:   378 pos,  3035 neg
  toxcast_157:    55 pos,  3358 neg
  toxcast_158:    30 pos,  3383 neg
  toxcast_159:    36 pos,  3377 neg
  toxcast_16:   188 pos,   846 neg
  toxcast_160:    24 pos,  3389 neg
  toxcast_161:   109 pos,  3304 neg
  toxcast_162:    99 pos,  3314 neg
  toxcast_163:   527 pos,  2886 neg
  toxcast_164:    44 pos,  3369 neg
  toxcast_165:   533 pos,  2880 neg
  toxcast_166:   100 pos,  3313 neg
  toxcast_167:    42 pos,  3371 neg
  toxcast_168:    33 pos,  3380 neg
  toxcast_169:   225 pos,  3188 neg
  toxcast_17:   135 pos,   884 neg
  toxcast_170:    35 pos,  3378 neg
  toxcast_171:   352 pos,  3061 neg
  toxcast_172:    66 pos,  3347 neg
  toxcast_173:   123 pos,  3290 neg
  toxcast_174:    29 pos,  3384 neg
  toxcast_175:   237 pos,  3176 neg
  toxcast_176:   463 pos,  2950 neg
  toxcast_177:    41 pos,  3372 neg
  toxcast_178:   124 pos,  3289 neg
  toxcast_179:   138 pos,  3275 neg
  toxcast_18:   217 pos,   817 neg
  toxcast_180:    39 pos,  3374 neg
  toxcast_181:   112 pos,  3301 neg
  toxcast_182:    20 pos,  3393 neg
  toxcast_183:   931 pos,  2482 neg
  toxcast_184:    25 pos,  3388 neg
  toxcast_185:    50 pos,  3363 neg
  toxcast_186:   253 pos,  2641 neg
  toxcast_187:    30 pos,  3383 neg
  toxcast_188:   461 pos,  2952 neg
  toxcast_189:   340 pos,  3073 neg
  toxcast_19:   283 pos,   736 neg
  toxcast_190:    88 pos,  3325 neg
  toxcast_191:   401 pos,  1038 neg
  toxcast_192:   552 pos,   887 neg
  toxcast_193:   205 pos,  1234 neg
  toxcast_194:   330 pos,  1109 neg
  toxcast_195:   381 pos,  1058 neg
  toxcast_196:   191 pos,  1248 neg
  toxcast_197:   600 pos,   839 neg
  toxcast_198:   477 pos,   962 neg
  toxcast_199:    62 pos,  1377 neg
  toxcast_2:   175 pos,   859 neg
  toxcast_20:    60 pos,   974 neg
  toxcast_200:   139 pos,  1300 neg
  toxcast_201:   321 pos,  1118 neg
  toxcast_202:    60 pos,  1379 neg
  toxcast_203:   354 pos,  1085 neg
  toxcast_204:   436 pos,  1003 neg
  toxcast_205:   418 pos,  1021 neg
  toxcast_206:   439 pos,  1000 neg
  toxcast_207:   383 pos,  1056 neg
  toxcast_208:   402 pos,  1037 neg
  toxcast_209:    22 pos,  1417 neg
  toxcast_21:    45 pos,   989 neg
  toxcast_210:   392 pos,  1047 neg
  toxcast_211:   425 pos,  1014 neg
  toxcast_212:   216 pos,  1223 neg
  toxcast_213:   347 pos,  1092 neg
  toxcast_214:    21 pos,  1418 neg
  toxcast_215:   387 pos,  1052 neg
  toxcast_216:   271 pos,  1168 neg
  toxcast_217:   384 pos,  1055 neg
  toxcast_218:   192 pos,  1247 neg
  toxcast_219:   191 pos,  1248 neg
  toxcast_22:    21 pos,  1013 neg
  toxcast_220:   131 pos,  1308 neg
  toxcast_221:   294 pos,  1145 neg
  toxcast_222:   209 pos,  1230 neg
  toxcast_223:   230 pos,  1209 neg
  toxcast_224:   246 pos,  1193 neg
  toxcast_225:   201 pos,  1238 neg
  toxcast_226:    39 pos,  1400 neg
  toxcast_227:   240 pos,  1199 neg
  toxcast_228:   291 pos,  1148 neg
  toxcast_229:   210 pos,  1229 neg
  toxcast_23:   242 pos,   792 neg
  toxcast_230:    48 pos,  1391 neg
  toxcast_231:   146 pos,  1293 neg
  toxcast_232:   164 pos,  1275 neg
  toxcast_233:    83 pos,  1356 neg
  toxcast_234:   214 pos,  1225 neg
  toxcast_235:    32 pos,  1407 neg
  toxcast_236:   265 pos,  1174 neg
  toxcast_237:    22 pos,  1417 neg
  toxcast_238:   158 pos,  1281 neg
  toxcast_239:   444 pos,   995 neg
  toxcast_24:   250 pos,   784 neg
  toxcast_240:    28 pos,  1411 neg
  toxcast_241:   178 pos,  1261 neg
  toxcast_242:    35 pos,  1404 neg
  toxcast_243:   252 pos,  1187 neg
  toxcast_244:    74 pos,  1365 neg
  toxcast_245:   252 pos,  1187 neg
  toxcast_246:   221 pos,  1218 neg
  toxcast_247:   285 pos,  1154 neg
  toxcast_248:    38 pos,  1401 neg
  toxcast_249:   247 pos,  1192 neg
  toxcast_25:    20 pos,   283 neg
  toxcast_250:    23 pos,  1416 neg
  toxcast_251:   227 pos,  1212 neg
  toxcast_252:   298 pos,  1141 neg
  toxcast_253:   324 pos,  1115 neg
  toxcast_254:    24 pos,  1415 neg
  toxcast_255:   259 pos,  1180 neg
  toxcast_256:    25 pos,  1414 neg
  toxcast_257:   390 pos,  1049 neg
  toxcast_258:   234 pos,  1205 neg
  toxcast_259:   294 pos,  1145 neg
  toxcast_26:    72 pos,   962 neg
  toxcast_260:   325 pos,  1114 neg
  toxcast_261:   267 pos,  1172 neg
  toxcast_262:   424 pos,  1015 neg
  toxcast_263:   307 pos,  1132 neg
  toxcast_264:    22 pos,  1417 neg
  toxcast_265:   309 pos,  1130 neg
  toxcast_266:    21 pos,  1418 neg
  toxcast_267:   320 pos,  1119 neg
  toxcast_268:    30 pos,  1409 neg
  toxcast_269:   325 pos,  1114 neg
  toxcast_27:   104 pos,   930 neg
  toxcast_270:   396 pos,  1043 neg
  toxcast_271:   298 pos,  1141 neg
  toxcast_272:    96 pos,  1343 neg
  toxcast_273:   373 pos,  1066 neg
  toxcast_274:   294 pos,  1145 neg
  toxcast_275:    75 pos,  1364 neg
  toxcast_276:   237 pos,  1202 neg
  toxcast_277:    55 pos,  1384 neg
  toxcast_278:   440 pos,   999 neg
  toxcast_279:   442 pos,   997 neg
  toxcast_28:   197 pos,   837 neg
  toxcast_280:   443 pos,   996 neg
  toxcast_281:   403 pos,  1036 neg
  toxcast_282:   409 pos,  1030 neg
  toxcast_283:    46 pos,  1393 neg
  toxcast_284:   347 pos,  1092 neg
  toxcast_285:    43 pos,  1396 neg
  toxcast_286:   348 pos,  1091 neg
  toxcast_287:   233 pos,  1206 neg
  toxcast_288:   322 pos,  1117 neg
  toxcast_289:    75 pos,  1364 neg
  toxcast_29:   211 pos,   823 neg
  toxcast_290:   563 pos,   876 neg
  toxcast_291:   362 pos,  1077 neg
  toxcast_292:   438 pos,  1001 neg
  toxcast_293:    98 pos,  1341 neg
  toxcast_294:    63 pos,  1376 neg
  toxcast_295:   193 pos,  1246 neg
  toxcast_296:   420 pos,  1019 neg
  toxcast_297:   417 pos,  1022 neg
  toxcast_298:   296 pos,  1143 neg
  toxcast_299:   266 pos,  1173 neg
  toxcast_3:    43 pos,   991 neg
  toxcast_30:    44 pos,   259 neg
  toxcast_300:    63 pos,  1376 neg
  toxcast_301:   396 pos,  1043 neg
  toxcast_302:   624 pos,   815 neg
  toxcast_303:   332 pos,  1107 neg
  toxcast_304:   269 pos,  1170 neg
  toxcast_305:   412 pos,  1027 neg
  toxcast_306:   204 pos,   298 neg
  toxcast_307:   187 pos,   315 neg
  toxcast_308:   135 pos,   367 neg
  toxcast_309:   133 pos,   363 neg
  toxcast_31:    49 pos,   254 neg
  toxcast_310:    75 pos,   421 neg
  toxcast_311:    36 pos,   464 neg
  toxcast_312:    78 pos,   422 neg
  toxcast_313:    49 pos,   453 neg
  toxcast_314:    72 pos,   430 neg
  toxcast_315:    56 pos,   406 neg
  toxcast_316:   151 pos,   349 neg
  toxcast_317:   119 pos,   381 neg
  toxcast_318:   123 pos,   346 neg
  toxcast_319:   145 pos,   355 neg
  toxcast_32:    54 pos,   249 neg
  toxcast_320:    19 pos,   281 neg
  toxcast_321:    23 pos,   277 neg
  toxcast_322:   121 pos,   175 neg
  toxcast_323:   110 pos,   185 neg
  toxcast_324:   104 pos,   198 neg
  toxcast_325:   134 pos,   168 neg
  toxcast_326:   153 pos,   147 neg
  toxcast_327:    84 pos,   218 neg
  toxcast_328:   171 pos,   128 neg
  toxcast_329:   162 pos,   138 neg
  toxcast_33:    39 pos,   264 neg
  toxcast_330:   182 pos,   120 neg
  toxcast_331:   114 pos,   178 neg
  toxcast_332:   116 pos,   178 neg
  toxcast_333:    45 pos,   251 neg
  toxcast_334:    29 pos,   271 neg
  toxcast_335:    25 pos,   274 neg
  toxcast_336:    42 pos,   258 neg
  toxcast_337:    51 pos,   251 neg
  toxcast_338:    66 pos,   234 neg
  toxcast_339:   201 pos,   172 neg
  toxcast_34:    55 pos,   248 neg
  toxcast_340:    99 pos,   274 neg
  toxcast_341:   176 pos,   142 neg
  toxcast_342:   307 pos,    66 neg
  toxcast_343:    31 pos,    22 neg
  toxcast_344:   483 pos,   220 neg
  toxcast_345:    71 pos,   168 neg
  toxcast_346:    70 pos,   105 neg
  toxcast_347:   134 pos,    39 neg
  toxcast_348:    27 pos,    86 neg
  toxcast_349:   101 pos,    35 neg
  toxcast_35:    58 pos,   245 neg
  toxcast_350:   301 pos,    76 neg
  toxcast_351:   187 pos,    38 neg
  toxcast_352:    80 pos,    37 neg
  toxcast_353:    85 pos,    75 neg
  toxcast_354:    28 pos,    49 neg
  toxcast_355:    31 pos,    23 neg
  toxcast_356:    68 pos,    74 neg
  toxcast_357:    21 pos,    90 neg
  toxcast_358:    23 pos,    72 neg
  toxcast_359:    90 pos,    80 neg
  toxcast_36:    59 pos,   244 neg
  toxcast_360:    37 pos,    42 neg
  toxcast_361:    31 pos,    99 neg
  toxcast_362:    60 pos,    43 neg
  toxcast_363:    81 pos,    80 neg
  toxcast_364:    54 pos,    59 neg
  toxcast_365:    30 pos,   135 neg
  toxcast_366:    24 pos,   196 neg
  toxcast_367:    44 pos,    55 neg
  toxcast_368:    45 pos,    37 neg
  toxcast_369:    35 pos,    55 neg
  toxcast_37:    55 pos,   248 neg
  toxcast_370:    34 pos,    70 neg
  toxcast_371:    22 pos,    71 neg
  toxcast_372:    39 pos,    58 neg
  toxcast_373:    26 pos,    53 neg
  toxcast_374:    58 pos,    80 neg
  toxcast_375:    68 pos,   112 neg
  toxcast_376:    20 pos,    92 neg
  toxcast_377:    31 pos,    65 neg
  toxcast_378:    24 pos,    63 neg
  toxcast_379:    25 pos,    54 neg
  toxcast_38:    55 pos,   248 neg
  toxcast_380:    24 pos,    51 neg
  toxcast_381:    32 pos,    76 neg
  toxcast_382:    38 pos,    29 neg
  toxcast_383:    26 pos,    88 neg
  toxcast_384:    29 pos,    69 neg
  toxcast_385:    21 pos,    42 neg
  toxcast_386:    24 pos,   130 neg
  toxcast_387:    84 pos,    56 neg
  toxcast_388:    61 pos,    42 neg
  toxcast_389:    49 pos,    50 neg
  toxcast_39:    44 pos,   259 neg
  toxcast_390:    39 pos,    56 neg
  toxcast_391:    84 pos,    31 neg
  toxcast_392:    64 pos,    42 neg
  toxcast_393:    71 pos,    57 neg
  toxcast_394:    56 pos,    76 neg
  toxcast_395:    54 pos,    52 neg
  toxcast_396:    38 pos,    74 neg
  toxcast_397:    32 pos,    23 neg
  toxcast_398:    85 pos,    50 neg
  toxcast_399:    77 pos,    43 neg
  toxcast_4:   243 pos,   791 neg
  toxcast_40:    43 pos,   260 neg
  toxcast_400:    53 pos,    36 neg
  toxcast_401:    28 pos,    37 neg
  toxcast_402:    57 pos,    45 neg
  toxcast_403:    92 pos,    54 neg
  toxcast_404:    47 pos,    62 neg
  toxcast_405:    89 pos,    66 neg
  toxcast_406:    65 pos,    35 neg
  toxcast_407:   120 pos,    40 neg
  toxcast_408:    21 pos,    46 neg
  toxcast_409:    84 pos,    34 neg
  toxcast_41:    23 pos,   280 neg
  toxcast_410:    66 pos,    20 neg
  toxcast_411:    61 pos,    30 neg
  toxcast_412:    81 pos,    31 neg
  toxcast_413:    57 pos,    38 neg
  toxcast_414:    40 pos,    38 neg
  toxcast_415:    25 pos,    61 neg
  toxcast_416:    98 pos,    32 neg
  toxcast_417:    72 pos,    53 neg
  toxcast_418:    57 pos,    21 neg
  toxcast_419:    57 pos,    33 neg
  toxcast_42:    32 pos,   271 neg
  toxcast_420:    22 pos,    49 neg
  toxcast_421:    57 pos,    26 neg
  toxcast_422:    75 pos,    43 neg
  toxcast_423:    70 pos,    32 neg
  toxcast_424:    81 pos,    49 neg
  toxcast_425:    79 pos,    85 neg
  toxcast_426:    60 pos,    47 neg
  toxcast_427:   114 pos,    75 neg
  toxcast_428:    61 pos,    34 neg
  toxcast_429:    70 pos,    41 neg
  toxcast_43:    20 pos,   283 neg
  toxcast_430:    29 pos,    43 neg
  toxcast_431:    48 pos,    44 neg
  toxcast_432:    51 pos,    41 neg
  toxcast_433:    53 pos,    40 neg
  toxcast_434:    53 pos,    25 neg
  toxcast_435:    23 pos,    42 neg
  toxcast_436:    46 pos,    66 neg
  toxcast_437:    28 pos,    57 neg
  toxcast_438:    72 pos,    57 neg
  toxcast_439:    65 pos,    57 neg
  toxcast_44:    22 pos,   281 neg
  toxcast_440:    34 pos,    36 neg
  toxcast_441:    30 pos,   912 neg
  toxcast_442:    30 pos,    25 neg
  toxcast_443:    58 pos,    41 neg
  toxcast_444:    77 pos,    26 neg
  toxcast_445:    40 pos,    51 neg
  toxcast_446:    71 pos,    31 neg
  toxcast_447:    54 pos,    35 neg
  toxcast_448:   117 pos,    41 neg
  toxcast_449:    25 pos,    42 neg
  toxcast_45:    90 pos,  3323 neg
  toxcast_450:    23 pos,    43 neg
  toxcast_451:    26 pos,    24 neg
  toxcast_452:    25 pos,    37 neg
  toxcast_453:    31 pos,    53 neg
  toxcast_454:   216 pos,   132 neg
  toxcast_455:   218 pos,   115 neg
  toxcast_456:   130 pos,   924 neg
  toxcast_457:    77 pos,   108 neg
  toxcast_458:   206 pos,    98 neg
  toxcast_459:   112 pos,   116 neg
  toxcast_46:   623 pos,  2790 neg
  toxcast_460:    83 pos,   194 neg
  toxcast_461:   232 pos,   896 neg
  toxcast_462:    33 pos,   131 neg
  toxcast_463:    60 pos,   197 neg
  toxcast_464:   226 pos,   119 neg
  toxcast_465:    72 pos,   304 neg
  toxcast_466:   180 pos,   600 neg
  toxcast_467:    87 pos,   194 neg
  toxcast_468:   111 pos,   403 neg
  toxcast_469:    30 pos,   230 neg
  toxcast_47:   225 pos,  3188 neg
  toxcast_470:    22 pos,   144 neg
  toxcast_471:    55 pos,   168 neg
  toxcast_472:   188 pos,   740 neg
  toxcast_473:   131 pos,   139 neg
  toxcast_474:    21 pos,    76 neg
  toxcast_475:   107 pos,    38 neg
  toxcast_476:   123 pos,    50 neg
  toxcast_477:    51 pos,    26 neg
  toxcast_478:   194 pos,    49 neg
  toxcast_479:   161 pos,    68 neg
  toxcast_48:    44 pos,  3369 neg
  toxcast_480:    39 pos,    64 neg
  toxcast_481:    39 pos,    39 neg
  toxcast_482:    61 pos,    52 neg
  toxcast_483:    50 pos,    52 neg
  toxcast_484:   145 pos,  1628 neg
  toxcast_485:   119 pos,  1622 neg
  toxcast_486:   208 pos,  1526 neg
  toxcast_487:   134 pos,  1615 neg
  toxcast_488:   108 pos,  1567 neg
  toxcast_489:   219 pos,  1537 neg
  toxcast_49:    23 pos,  3390 neg
  toxcast_490:   199 pos,  1470 neg
  toxcast_491:   208 pos,  1537 neg
  toxcast_492:   178 pos,  1489 neg
  toxcast_493:   183 pos,  1589 neg
  toxcast_494:   148 pos,  1611 neg
  toxcast_495:   316 pos,  1420 neg
  toxcast_496:   141 pos,  1542 neg
  toxcast_497:   205 pos,  1554 neg
  toxcast_498:    89 pos,  1649 neg
  toxcast_499:   369 pos,  6820 neg
  toxcast_5:   300 pos,   734 neg
  toxcast_50:    41 pos,  3372 neg
  toxcast_500:   638 pos,  6551 neg
  toxcast_501:  1614 pos,  5575 neg
  toxcast_502:    86 pos,  7103 neg
  toxcast_503:    24 pos,  7910 neg
  toxcast_504:   388 pos,  7546 neg
  toxcast_505:   410 pos,  7524 neg
  toxcast_506:    42 pos,  7892 neg
  toxcast_507:   204 pos,  7730 neg
  toxcast_508:  1175 pos,  6759 neg
  toxcast_509:   599 pos,  7335 neg
  toxcast_51:   239 pos,  3174 neg
  toxcast_510:   385 pos,  7549 neg
  toxcast_511:   850 pos,  7084 neg
  toxcast_512:  1168 pos,  6021 neg
  toxcast_513:   808 pos,  7126 neg
  toxcast_514:  1273 pos,  6661 neg
  toxcast_515:    50 pos,  7884 neg
  toxcast_516:    52 pos,  7882 neg
  toxcast_517:    51 pos,  7883 neg
  toxcast_518:    24 pos,  7910 neg
  toxcast_519:    49 pos,  7885 neg
  toxcast_52:   446 pos,  2967 neg
  toxcast_520:    23 pos,  7911 neg
  toxcast_521:   134 pos,  5138 neg
  toxcast_522:   297 pos,  7637 neg
  toxcast_523:   468 pos,  7466 neg
  toxcast_524:   470 pos,  7464 neg
  toxcast_525:   300 pos,  7634 neg
  toxcast_526:   256 pos,  7678 neg
  toxcast_527:  1030 pos,  6904 neg
  toxcast_528:   200 pos,  7734 neg
  toxcast_529:  1257 pos,  6677 neg
  toxcast_53:   102 pos,  3311 neg
  toxcast_530:   715 pos,  7219 neg
  toxcast_531:    94 pos,  7095 neg
  toxcast_532:   110 pos,  7079 neg
  toxcast_533:   333 pos,  6856 neg
  toxcast_534:   233 pos,  6956 neg
  toxcast_535:   360 pos,  6829 neg
  toxcast_536:   287 pos,  6902 neg
  toxcast_537:   184 pos,  7005 neg
  toxcast_538:   207 pos,  6982 neg
  toxcast_539:   956 pos,  6233 neg
  toxcast_54:   387 pos,  3026 neg
  toxcast_540:   333 pos,  6856 neg
  toxcast_541:   330 pos,  7604 neg
  toxcast_542:   229 pos,  7705 neg
  toxcast_543:   502 pos,  7432 neg
  toxcast_544:   537 pos,  7397 neg
  toxcast_545:   458 pos,  7476 neg
  toxcast_546:   400 pos,  7534 neg
  toxcast_547:   295 pos,  6894 neg
  toxcast_548:   373 pos,  6816 neg
  toxcast_549:   610 pos,  6579 neg
  toxcast_55:    82 pos,  3331 neg
  toxcast_550:   169 pos,  7020 neg
  toxcast_551:   856 pos,  4416 neg
  toxcast_552:   121 pos,  5151 neg
  toxcast_553:   303 pos,  4969 neg
  toxcast_554:   296 pos,  6893 neg
  toxcast_555:   104 pos,  7085 neg
  toxcast_556:   243 pos,  6946 neg
  toxcast_557:   449 pos,  6740 neg
  toxcast_558:   652 pos,  6537 neg
  toxcast_559:   120 pos,  7069 neg
  toxcast_56:    37 pos,  3376 neg
  toxcast_560:    20 pos,  7169 neg
  toxcast_561:   187 pos,  7002 neg
  toxcast_562:   194 pos,  6995 neg
  toxcast_563:   441 pos,  6748 neg
  toxcast_564:    33 pos,  7156 neg
  toxcast_565:    24 pos,  7910 neg
  toxcast_566:   234 pos,  7700 neg
  toxcast_567:   354 pos,  7580 neg
  toxcast_568:    29 pos,  7160 neg
  toxcast_569:   548 pos,  6641 neg
  toxcast_57:   144 pos,  3269 neg
  toxcast_570:   159 pos,  7030 neg
  toxcast_571:    38 pos,  7896 neg
  toxcast_572:  1761 pos,  6173 neg
  toxcast_573:   630 pos,  6559 neg
  toxcast_574:   177 pos,  7012 neg
  toxcast_575:    64 pos,  7125 neg
  toxcast_576:    70 pos,  7119 neg
  toxcast_577:   314 pos,  6875 neg
  toxcast_578:   278 pos,  6911 neg
  toxcast_579:   570 pos,  7364 neg
  toxcast_58:   545 pos,  2868 neg
  toxcast_580:   471 pos,  7463 neg
  toxcast_581:   814 pos,  7120 neg
  toxcast_582:   394 pos,  7540 neg
  toxcast_583:   527 pos,  7407 neg
  toxcast_584:   801 pos,  7133 neg
  toxcast_585:  1031 pos,  6903 neg
  toxcast_586:   798 pos,  7136 neg
  toxcast_587:   679 pos,  7255 neg
  toxcast_588:   711 pos,  7223 neg
  toxcast_589:   959 pos,  6975 neg
  toxcast_59:    60 pos,  3353 neg
  toxcast_590:   433 pos,  7501 neg
  toxcast_591:   658 pos,  7276 neg
  toxcast_592:   571 pos,  7363 neg
  toxcast_593:   949 pos,  6985 neg
  toxcast_594:   671 pos,  7263 neg
  toxcast_595:   354 pos,  7580 neg
  toxcast_596:   643 pos,  7291 neg
  toxcast_597:   883 pos,  7051 neg
  toxcast_598:   328 pos,  7606 neg
  toxcast_599:   114 pos,   907 neg
  toxcast_6:   445 pos,   589 neg
  toxcast_60:   361 pos,  3052 neg
  toxcast_600:   196 pos,   838 neg
  toxcast_601:    63 pos,   958 neg
  toxcast_602:    50 pos,   971 neg
  toxcast_603:    20 pos,  1001 neg
  toxcast_604:    81 pos,   940 neg
  toxcast_605:   115 pos,   906 neg
  toxcast_606:   125 pos,   909 neg
  toxcast_607:    44 pos,   977 neg
  toxcast_608:   121 pos,   900 neg
  toxcast_609:    57 pos,   964 neg
  toxcast_61:    82 pos,  3331 neg
  toxcast_610:    47 pos,   974 neg
  toxcast_611:   111 pos,   910 neg
  toxcast_612:    40 pos,   981 neg
  toxcast_613:    35 pos,   986 neg
  toxcast_614:    59 pos,   962 neg
  toxcast_615:    83 pos,   938 neg
  toxcast_616:   129 pos,   892 neg
  toxcast_62:   249 pos,  3164 neg
  toxcast_63:   704 pos,  2709 neg
  toxcast_64:    66 pos,  3347 neg
  toxcast_65:   145 pos,  3268 neg
  toxcast_66:   326 pos,  3087 neg
  toxcast_67:   135 pos,  3278 neg
  toxcast_68:    33 pos,  3380 neg
  toxcast_69:   507 pos,  2906 neg
  toxcast_7:    62 pos,   972 neg
  toxcast_70:   216 pos,  3197 neg
  toxcast_71:   876 pos,  2537 neg
  toxcast_72:    37 pos,  3376 neg
  toxcast_73:    35 pos,  3378 neg
  toxcast_74:    21 pos,  3392 neg
  toxcast_75:   731 pos,  2682 neg
  toxcast_76:   341 pos,  3072 neg
  toxcast_77:    83 pos,  3330 neg
  toxcast_78:   227 pos,  3186 neg
  toxcast_79:    28 pos,  3385 neg
  toxcast_8:    91 pos,   943 neg
  toxcast_80:   102 pos,  3311 neg
  toxcast_81:    70 pos,  3343 neg
  toxcast_82:    73 pos,  3340 neg
  toxcast_83:   166 pos,  3247 neg
  toxcast_84:    53 pos,  3360 neg
  toxcast_85:    84 pos,  3061 neg
  toxcast_86:   112 pos,  3301 neg
  toxcast_87:    47 pos,  3366 neg
  toxcast_88:    43 pos,  3370 neg
  toxcast_89:   192 pos,  3221 neg
  toxcast_9:    64 pos,   955 neg
  toxcast_90:   151 pos,  3262 neg
  toxcast_91:    56 pos,  3357 neg
  toxcast_92:    28 pos,  3385 neg
  toxcast_93:    60 pos,  3353 neg
  toxcast_94:   229 pos,  3184 neg
  toxcast_95:   386 pos,  3027 neg
  toxcast_96:    35 pos,  3378 neg
  toxcast_97:    50 pos,  3363 neg
  toxcast_98:   130 pos,  3283 neg
  toxcast_99:    67 pos,  3346 neg

--- Sampling test: 5-way 1-shot ---
  Support: 5 graphs (expected 5)
  Query: 20 graphs
  Labels: [2, 3, 0, 4, 1]
  Tasks: ['toxcast_152', 'toxcast_368', 'toxcast_405', 'toxcast_253', 'toxcast_143']

--- Sampling test: 5-way 5-shot ---
  Support: 25 graphs (expected 25)
  Query: 20 graphs
  Labels: [4, 0, 4, 1, 2, 2, 3, 2, 0, 0, 1, 3, 2, 3, 0, 3, 1, 1, 3, 4, 1, 4, 2, 0, 4]
  Tasks: ['toxcast_152', 'toxcast_368', 'toxcast_405', 'toxcast_253', 'toxcast_143']

--- Sampling test: 10-way 5-shot ---
  Support: 50 graphs (expected 50)
  Query: 40 graphs
  Labels: [3, 6, 9, 5, 4, 0, 8, 2, 2, 2, 4, 3, 1, 4, 6, 9, 5, 7, 8, 6, 7, 6, 4, 1, 0, 1, 9, 1, 7, 0, 7, 1, 8, 5, 0, 2, 0, 3, 9, 7, 3, 8, 8, 5, 9, 6, 3, 4, 5, 2]
  Tasks: ['toxcast_152', 'toxcast_368', 'toxcast_405', 'toxcast_253', 'toxcast_143', 'sider_13', 'muv_14', 'toxcast_5', 'toxcast_273', 'toxcast_309']

=== Stage 1 Complete ===
