Device: cuda
Method: gos_v2 | 5-way 5-shot

=== Loading datasets ===
[cache] loaded 110916 molecules, 673 tasks from ./data_cache/_merged_muv-sider-tox21-toxcast_mp16.pt in 3.5s

=== Splitting tasks ===
  meta-train: 405 tasks
  meta-val: 134 tasks
  meta-test: 134 tasks
Loaded SSL-pretrained encoder from ./checkpoints/ssl_encoder.pt
Model parameters: 188,289

=== Training ===
[exp_name] A1_alpha1.0
[resume] no checkpoint at ./checkpoints/A1_alpha1.0_last.pt — training from scratch
[A1_alpha1.0] training 30000 episodes (start 1, eval every 500, patience 20)
[A1_alpha1.0]  ep    500/30000  (  1.7%)  loss 2.3630  val_auc 0.6046±0.0088  best 0.0000  pat 0/20  elapsed 0m20s  ETA 20m28s
[A1_alpha1.0]  ep   1000/30000  (  3.3%)  loss 2.3461  val_auc 0.6217±0.0095  best 0.6046  pat 0/20  elapsed 0m40s  ETA 19m46s
[A1_alpha1.0]  ep   1500/30000  (  5.0%)  loss 2.3230  val_auc 0.6225±0.0088  best 0.6217  pat 0/20  elapsed 1m00s  ETA 19m14s
[A1_alpha1.0]  ep   2000/30000  (  6.7%)  loss 2.3078  val_auc 0.6329±0.0092  best 0.6225  pat 0/20  elapsed 1m20s  ETA 18m53s
[A1_alpha1.0]  ep   2500/30000  (  8.3%)  loss 2.3095  val_auc 0.6203±0.0095  best 0.6329  pat 0/20  elapsed 1m41s  ETA 18m31s
[A1_alpha1.0]  ep   3000/30000  ( 10.0%)  loss 2.2812  val_auc 0.6430±0.0088  best 0.6329  pat 1/20  elapsed 2m00s  ETA 18m08s
[A1_alpha1.0]  ep   3500/30000  ( 11.7%)  loss 2.2760  val_auc 0.6396±0.0095  best 0.6430  pat 0/20  elapsed 2m21s  ETA 17m48s
[A1_alpha1.0]  ep   4000/30000  ( 13.3%)  loss 2.2640  val_auc 0.6451±0.0093  best 0.6430  pat 1/20  elapsed 2m41s  ETA 17m29s
[A1_alpha1.0]  ep   4500/30000  ( 15.0%)  loss 2.2508  val_auc 0.6572±0.0092  best 0.6451  pat 0/20  elapsed 3m01s  ETA 17m08s
[A1_alpha1.0]  ep   5000/30000  ( 16.7%)  loss 2.2571  val_auc 0.6558±0.0095  best 0.6572  pat 0/20  elapsed 3m21s  ETA 16m47s
[A1_alpha1.0]  ep   5500/30000  ( 18.3%)  loss 2.2445  val_auc 0.6593±0.0095  best 0.6572  pat 1/20  elapsed 3m41s  ETA 16m26s
[A1_alpha1.0]  ep   6000/30000  ( 20.0%)  loss 2.2361  val_auc 0.6678±0.0092  best 0.6593  pat 0/20  elapsed 4m01s  ETA 16m04s
[A1_alpha1.0]  ep   6500/30000  ( 21.7%)  loss 2.2287  val_auc 0.6662±0.0092  best 0.6678  pat 0/20  elapsed 4m21s  ETA 15m44s
[A1_alpha1.0]  ep   7000/30000  ( 23.3%)  loss 2.2220  val_auc 0.6522±0.0098  best 0.6678  pat 1/20  elapsed 4m41s  ETA 15m24s
[A1_alpha1.0]  ep   7500/30000  ( 25.0%)  loss 2.1980  val_auc 0.6651±0.0093  best 0.6678  pat 2/20  elapsed 5m01s  ETA 15m03s
[A1_alpha1.0]  ep   8000/30000  ( 26.7%)  loss 2.2089  val_auc 0.6801±0.0091  best 0.6678  pat 3/20  elapsed 5m21s  ETA 14m43s
[A1_alpha1.0]  ep   8500/30000  ( 28.3%)  loss 2.1934  val_auc 0.6837±0.0091  best 0.6801  pat 0/20  elapsed 5m41s  ETA 14m24s
[A1_alpha1.0]  ep   9000/30000  ( 30.0%)  loss 2.1868  val_auc 0.6652±0.0096  best 0.6837  pat 0/20  elapsed 6m05s  ETA 14m12s
[A1_alpha1.0]  ep   9500/30000  ( 31.7%)  loss 2.1962  val_auc 0.6817±0.0091  best 0.6837  pat 1/20  elapsed 6m26s  ETA 13m53s
[A1_alpha1.0]  ep  10000/30000  ( 33.3%)  loss 2.1653  val_auc 0.6921±0.0089  best 0.6837  pat 2/20  elapsed 6m46s  ETA 13m33s
[A1_alpha1.0]  ep  10500/30000  ( 35.0%)  loss 2.1619  val_auc 0.6914±0.0093  best 0.6921  pat 0/20  elapsed 7m07s  ETA 13m13s
[A1_alpha1.0]  ep  11000/30000  ( 36.7%)  loss 2.1750  val_auc 0.6760±0.0091  best 0.6921  pat 1/20  elapsed 7m28s  ETA 12m53s
[A1_alpha1.0]  ep  11500/30000  ( 38.3%)  loss 2.1530  val_auc 0.6854±0.0095  best 0.6921  pat 2/20  elapsed 7m48s  ETA 12m33s
[A1_alpha1.0]  ep  12000/30000  ( 40.0%)  loss 2.1670  val_auc 0.6852±0.0095  best 0.6921  pat 3/20  elapsed 8m09s  ETA 12m13s
[A1_alpha1.0]  ep  12500/30000  ( 41.7%)  loss 2.1645  val_auc 0.6746±0.0092  best 0.6921  pat 4/20  elapsed 8m29s  ETA 11m53s
[A1_alpha1.0]  ep  13000/30000  ( 43.3%)  loss 2.1337  val_auc 0.6933±0.0094  best 0.6921  pat 5/20  elapsed 8m50s  ETA 11m33s
[A1_alpha1.0]  ep  13500/30000  ( 45.0%)  loss 2.1585  val_auc 0.6918±0.0089  best 0.6933  pat 0/20  elapsed 9m10s  ETA 11m12s
[A1_alpha1.0]  ep  14000/30000  ( 46.7%)  loss 2.1380  val_auc 0.6968±0.0092  best 0.6933  pat 1/20  elapsed 9m31s  ETA 10m52s
[A1_alpha1.0]  ep  14500/30000  ( 48.3%)  loss 2.1283  val_auc 0.6957±0.0097  best 0.6968  pat 0/20  elapsed 9m51s  ETA 10m32s
[A1_alpha1.0]  ep  15000/30000  ( 50.0%)  loss 2.1425  val_auc 0.7019±0.0088  best 0.6968  pat 1/20  elapsed 10m12s  ETA 10m12s
[A1_alpha1.0]  ep  15500/30000  ( 51.7%)  loss 2.1072  val_auc 0.7051±0.0090  best 0.7019  pat 0/20  elapsed 10m32s  ETA 9m52s
[A1_alpha1.0]  ep  16000/30000  ( 53.3%)  loss 2.1188  val_auc 0.7000±0.0089  best 0.7051  pat 0/20  elapsed 10m53s  ETA 9m31s
[A1_alpha1.0]  ep  16500/30000  ( 55.0%)  loss 2.1094  val_auc 0.7093±0.0093  best 0.7051  pat 1/20  elapsed 11m13s  ETA 9m11s
[A1_alpha1.0]  ep  17000/30000  ( 56.7%)  loss 2.1061  val_auc 0.6909±0.0091  best 0.7093  pat 0/20  elapsed 11m34s  ETA 8m50s
[A1_alpha1.0]  ep  17500/30000  ( 58.3%)  loss 2.1177  val_auc 0.6999±0.0090  best 0.7093  pat 1/20  elapsed 11m54s  ETA 8m30s
[A1_alpha1.0]  ep  18000/30000  ( 60.0%)  loss 2.0617  val_auc 0.6998±0.0093  best 0.7093  pat 2/20  elapsed 12m15s  ETA 8m10s
[A1_alpha1.0]  ep  18500/30000  ( 61.7%)  loss 2.0979  val_auc 0.7086±0.0094  best 0.7093  pat 3/20  elapsed 12m36s  ETA 7m50s
[A1_alpha1.0]  ep  19000/30000  ( 63.3%)  loss 2.1102  val_auc 0.7013±0.0094  best 0.7093  pat 4/20  elapsed 12m56s  ETA 7m29s
[A1_alpha1.0]  ep  19500/30000  ( 65.0%)  loss 2.0723  val_auc 0.7024±0.0091  best 0.7093  pat 5/20  elapsed 13m17s  ETA 7m09s
[A1_alpha1.0]  ep  20000/30000  ( 66.7%)  loss 2.1118  val_auc 0.7150±0.0093  best 0.7093  pat 6/20  elapsed 13m38s  ETA 6m49s
[A1_alpha1.0]  ep  20500/30000  ( 68.3%)  loss 2.0877  val_auc 0.7131±0.0094  best 0.7150  pat 0/20  elapsed 13m58s  ETA 6m28s
[A1_alpha1.0]  ep  21000/30000  ( 70.0%)  loss 2.0732  val_auc 0.7127±0.0086  best 0.7150  pat 1/20  elapsed 14m19s  ETA 6m08s
[A1_alpha1.0]  ep  21500/30000  ( 71.7%)  loss 2.0647  val_auc 0.7123±0.0094  best 0.7150  pat 2/20  elapsed 14m39s  ETA 5m47s
[A1_alpha1.0]  ep  22000/30000  ( 73.3%)  loss 2.0485  val_auc 0.7126±0.0089  best 0.7150  pat 3/20  elapsed 14m59s  ETA 5m27s
[A1_alpha1.0]  ep  22500/30000  ( 75.0%)  loss 2.0604  val_auc 0.7110±0.0092  best 0.7150  pat 4/20  elapsed 15m21s  ETA 5m07s
[A1_alpha1.0]  ep  23000/30000  ( 76.7%)  loss 2.0668  val_auc 0.7159±0.0093  best 0.7150  pat 5/20  elapsed 15m41s  ETA 4m46s
[A1_alpha1.0]  ep  23500/30000  ( 78.3%)  loss 2.0433  val_auc 0.7252±0.0091  best 0.7159  pat 0/20  elapsed 16m02s  ETA 4m26s
[A1_alpha1.0]  ep  24000/30000  ( 80.0%)  loss 2.0598  val_auc 0.7238±0.0089  best 0.7252  pat 0/20  elapsed 16m22s  ETA 4m05s
[A1_alpha1.0]  ep  24500/30000  ( 81.7%)  loss 2.0307  val_auc 0.7252±0.0091  best 0.7252  pat 1/20  elapsed 16m42s  ETA 3m45s
[A1_alpha1.0]  ep  25000/30000  ( 83.3%)  loss 2.0574  val_auc 0.7177±0.0092  best 0.7252  pat 2/20  elapsed 17m04s  ETA 3m24s
[A1_alpha1.0]  ep  25500/30000  ( 85.0%)  loss 2.0591  val_auc 0.7115±0.0093  best 0.7252  pat 3/20  elapsed 17m25s  ETA 3m04s
[A1_alpha1.0]  ep  26000/30000  ( 86.7%)  loss 2.0502  val_auc 0.7262±0.0089  best 0.7252  pat 4/20  elapsed 17m46s  ETA 2m44s
[A1_alpha1.0]  ep  26500/30000  ( 88.3%)  loss 2.0207  val_auc 0.7206±0.0093  best 0.7262  pat 0/20  elapsed 18m05s  ETA 2m23s
[A1_alpha1.0]  ep  27000/30000  ( 90.0%)  loss 2.0225  val_auc 0.7214±0.0093  best 0.7262  pat 1/20  elapsed 18m25s  ETA 2m02s
[A1_alpha1.0]  ep  27500/30000  ( 91.7%)  loss 1.9983  val_auc 0.7264±0.0091  best 0.7262  pat 2/20  elapsed 18m45s  ETA 1m42s
[A1_alpha1.0]  ep  28000/30000  ( 93.3%)  loss 2.0259  val_auc 0.7084±0.0095  best 0.7264  pat 0/20  elapsed 19m04s  ETA 1m21s
[A1_alpha1.0]  ep  28500/30000  ( 95.0%)  loss 2.0323  val_auc 0.7209±0.0094  best 0.7264  pat 1/20  elapsed 19m24s  ETA 1m01s
[A1_alpha1.0]  ep  29000/30000  ( 96.7%)  loss 2.0098  val_auc 0.7192±0.0093  best 0.7264  pat 2/20  elapsed 19m44s  ETA 0m40s
[A1_alpha1.0]  ep  29500/30000  ( 98.3%)  loss 2.0426  val_auc 0.7209±0.0095  best 0.7264  pat 3/20  elapsed 20m03s  ETA 0m20s
[A1_alpha1.0]  ep  30000/30000  (100.0%)  loss 2.0251  val_auc 0.7141±0.0092  best 0.7264  pat 4/20  elapsed 20m23s  ETA 0m00s

Training complete. Best val AUC: 0.7264
Checkpoint: ./checkpoints/A1_alpha1.0_best.pt
History: ./logs_v2/A1_alpha1.0_history.json
