Device: cuda
Method: gos_v2 | 5-way 5-shot

=== Loading datasets ===
[cache] loaded 110916 molecules, 673 tasks from ./data_cache/_merged_muv-sider-tox21-toxcast_mp16.pt in 3.6s

=== Splitting tasks ===
  meta-train: 405 tasks
  meta-val: 134 tasks
  meta-test: 134 tasks
Loaded SSL-pretrained encoder from ./checkpoints/ssl_encoder.pt
Model parameters: 222,337

=== Training ===
[exp_name] A2_gat_L3
[resume] no checkpoint at ./checkpoints/A2_gat_L3_last.pt — training from scratch
[A2_gat_L3] training 30000 episodes (start 1, eval every 500, patience 20)
[A2_gat_L3]  ep    500/30000  (  1.7%)  loss 2.4376  val_auc 0.5939±0.0089  best 0.0000  pat 0/20  elapsed 0m24s  ETA 24m04s
[A2_gat_L3]  ep   1000/30000  (  3.3%)  loss 2.3625  val_auc 0.5946±0.0089  best 0.5939  pat 0/20  elapsed 0m48s  ETA 23m34s
[A2_gat_L3]  ep   1500/30000  (  5.0%)  loss 2.3511  val_auc 0.6215±0.0090  best 0.5946  pat 0/20  elapsed 1m12s  ETA 23m02s
[A2_gat_L3]  ep   2000/30000  (  6.7%)  loss 2.3257  val_auc 0.6240±0.0096  best 0.6215  pat 0/20  elapsed 1m36s  ETA 22m36s
[A2_gat_L3]  ep   2500/30000  (  8.3%)  loss 2.3241  val_auc 0.6205±0.0098  best 0.6240  pat 0/20  elapsed 2m00s  ETA 22m10s
[A2_gat_L3]  ep   3000/30000  ( 10.0%)  loss 2.2937  val_auc 0.6293±0.0092  best 0.6240  pat 1/20  elapsed 2m24s  ETA 21m41s
[A2_gat_L3]  ep   3500/30000  ( 11.7%)  loss 2.2816  val_auc 0.6391±0.0093  best 0.6293  pat 0/20  elapsed 2m47s  ETA 21m10s
[A2_gat_L3]  ep   4000/30000  ( 13.3%)  loss 2.2732  val_auc 0.6345±0.0091  best 0.6391  pat 0/20  elapsed 3m11s  ETA 20m42s
[A2_gat_L3]  ep   4500/30000  ( 15.0%)  loss 2.2637  val_auc 0.6578±0.0092  best 0.6391  pat 1/20  elapsed 3m34s  ETA 20m16s
[A2_gat_L3]  ep   5000/30000  ( 16.7%)  loss 2.2691  val_auc 0.6523±0.0097  best 0.6578  pat 0/20  elapsed 3m58s  ETA 19m51s
[A2_gat_L3]  ep   5500/30000  ( 18.3%)  loss 2.2531  val_auc 0.6550±0.0098  best 0.6578  pat 1/20  elapsed 4m21s  ETA 19m26s
[A2_gat_L3]  ep   6000/30000  ( 20.0%)  loss 2.2441  val_auc 0.6616±0.0094  best 0.6578  pat 2/20  elapsed 4m45s  ETA 19m00s
[A2_gat_L3]  ep   6500/30000  ( 21.7%)  loss 2.2298  val_auc 0.6659±0.0092  best 0.6616  pat 0/20  elapsed 5m08s  ETA 18m34s
[A2_gat_L3]  ep   7000/30000  ( 23.3%)  loss 2.2333  val_auc 0.6547±0.0096  best 0.6659  pat 0/20  elapsed 5m32s  ETA 18m12s
[A2_gat_L3]  ep   7500/30000  ( 25.0%)  loss 2.2115  val_auc 0.6582±0.0093  best 0.6659  pat 1/20  elapsed 5m57s  ETA 17m53s
[A2_gat_L3]  ep   8000/30000  ( 26.7%)  loss 2.2149  val_auc 0.6771±0.0091  best 0.6659  pat 2/20  elapsed 6m22s  ETA 17m31s
[A2_gat_L3]  ep   8500/30000  ( 28.3%)  loss 2.2018  val_auc 0.6783±0.0092  best 0.6771  pat 0/20  elapsed 6m46s  ETA 17m07s
[A2_gat_L3]  ep   9000/30000  ( 30.0%)  loss 2.1839  val_auc 0.6659±0.0094  best 0.6783  pat 0/20  elapsed 7m10s  ETA 16m44s
[A2_gat_L3]  ep   9500/30000  ( 31.7%)  loss 2.2041  val_auc 0.6695±0.0089  best 0.6783  pat 1/20  elapsed 7m34s  ETA 16m21s
[A2_gat_L3]  ep  10000/30000  ( 33.3%)  loss 2.1782  val_auc 0.6733±0.0090  best 0.6783  pat 2/20  elapsed 7m58s  ETA 15m56s
[A2_gat_L3]  ep  10500/30000  ( 35.0%)  loss 2.1720  val_auc 0.6885±0.0095  best 0.6783  pat 3/20  elapsed 8m21s  ETA 15m31s
[A2_gat_L3]  ep  11000/30000  ( 36.7%)  loss 2.1810  val_auc 0.6762±0.0092  best 0.6885  pat 0/20  elapsed 8m45s  ETA 15m07s
[A2_gat_L3]  ep  11500/30000  ( 38.3%)  loss 2.1655  val_auc 0.6781±0.0094  best 0.6885  pat 1/20  elapsed 9m08s  ETA 14m42s
[A2_gat_L3]  ep  12000/30000  ( 40.0%)  loss 2.1702  val_auc 0.6809±0.0093  best 0.6885  pat 2/20  elapsed 9m32s  ETA 14m18s
[A2_gat_L3]  ep  12500/30000  ( 41.7%)  loss 2.1748  val_auc 0.6783±0.0094  best 0.6885  pat 3/20  elapsed 9m55s  ETA 13m54s
[A2_gat_L3]  ep  13000/30000  ( 43.3%)  loss 2.1503  val_auc 0.6864±0.0094  best 0.6885  pat 4/20  elapsed 10m19s  ETA 13m29s
[A2_gat_L3]  ep  13500/30000  ( 45.0%)  loss 2.1759  val_auc 0.6922±0.0088  best 0.6885  pat 5/20  elapsed 10m42s  ETA 13m05s
[A2_gat_L3]  ep  14000/30000  ( 46.7%)  loss 2.1475  val_auc 0.6887±0.0093  best 0.6922  pat 0/20  elapsed 11m06s  ETA 12m42s
[A2_gat_L3]  ep  14500/30000  ( 48.3%)  loss 2.1497  val_auc 0.6913±0.0098  best 0.6922  pat 1/20  elapsed 11m31s  ETA 12m18s
[A2_gat_L3]  ep  15000/30000  ( 50.0%)  loss 2.1526  val_auc 0.7012±0.0091  best 0.6922  pat 2/20  elapsed 11m55s  ETA 11m55s
[A2_gat_L3]  ep  15500/30000  ( 51.7%)  loss 2.1270  val_auc 0.6971±0.0094  best 0.7012  pat 0/20  elapsed 12m20s  ETA 11m32s
[A2_gat_L3]  ep  16000/30000  ( 53.3%)  loss 2.1368  val_auc 0.6988±0.0089  best 0.7012  pat 1/20  elapsed 12m44s  ETA 11m09s
[A2_gat_L3]  ep  16500/30000  ( 55.0%)  loss 2.1114  val_auc 0.6928±0.0094  best 0.7012  pat 2/20  elapsed 13m08s  ETA 10m44s
[A2_gat_L3]  ep  17000/30000  ( 56.7%)  loss 2.1076  val_auc 0.6898±0.0092  best 0.7012  pat 3/20  elapsed 13m31s  ETA 10m20s
[A2_gat_L3]  ep  17500/30000  ( 58.3%)  loss 2.1274  val_auc 0.6957±0.0089  best 0.7012  pat 4/20  elapsed 13m54s  ETA 9m56s
[A2_gat_L3]  ep  18000/30000  ( 60.0%)  loss 2.0751  val_auc 0.6921±0.0096  best 0.7012  pat 5/20  elapsed 14m17s  ETA 9m31s
[A2_gat_L3]  ep  18500/30000  ( 61.7%)  loss 2.1072  val_auc 0.7027±0.0097  best 0.7012  pat 6/20  elapsed 14m42s  ETA 9m08s
[A2_gat_L3]  ep  19000/30000  ( 63.3%)  loss 2.1160  val_auc 0.6914±0.0095  best 0.7027  pat 0/20  elapsed 15m07s  ETA 8m45s
[A2_gat_L3]  ep  19500/30000  ( 65.0%)  loss 2.0805  val_auc 0.7064±0.0092  best 0.7027  pat 1/20  elapsed 15m32s  ETA 8m22s
[A2_gat_L3]  ep  20000/30000  ( 66.7%)  loss 2.1274  val_auc 0.7067±0.0093  best 0.7064  pat 0/20  elapsed 15m57s  ETA 7m58s
[A2_gat_L3]  ep  20500/30000  ( 68.3%)  loss 2.0950  val_auc 0.7051±0.0095  best 0.7067  pat 0/20  elapsed 16m21s  ETA 7m34s
[A2_gat_L3]  ep  21000/30000  ( 70.0%)  loss 2.0833  val_auc 0.7071±0.0088  best 0.7067  pat 1/20  elapsed 16m45s  ETA 7m10s
[A2_gat_L3]  ep  21500/30000  ( 71.7%)  loss 2.0770  val_auc 0.7089±0.0095  best 0.7071  pat 0/20  elapsed 17m08s  ETA 6m46s
[A2_gat_L3]  ep  22000/30000  ( 73.3%)  loss 2.0618  val_auc 0.7060±0.0088  best 0.7089  pat 0/20  elapsed 17m31s  ETA 6m22s
[A2_gat_L3]  ep  22500/30000  ( 75.0%)  loss 2.0662  val_auc 0.7092±0.0095  best 0.7089  pat 1/20  elapsed 17m54s  ETA 5m58s
[A2_gat_L3]  ep  23000/30000  ( 76.7%)  loss 2.0743  val_auc 0.7094±0.0093  best 0.7092  pat 0/20  elapsed 18m18s  ETA 5m34s
[A2_gat_L3]  ep  23500/30000  ( 78.3%)  loss 2.0570  val_auc 0.7204±0.0092  best 0.7094  pat 0/20  elapsed 18m41s  ETA 5m10s
[A2_gat_L3]  ep  24000/30000  ( 80.0%)  loss 2.0786  val_auc 0.7175±0.0090  best 0.7204  pat 0/20  elapsed 19m04s  ETA 4m46s
[A2_gat_L3]  ep  24500/30000  ( 81.7%)  loss 2.0356  val_auc 0.7168±0.0088  best 0.7204  pat 1/20  elapsed 19m27s  ETA 4m22s
[A2_gat_L3]  ep  25000/30000  ( 83.3%)  loss 2.0720  val_auc 0.6993±0.0093  best 0.7204  pat 2/20  elapsed 19m51s  ETA 3m58s
[A2_gat_L3]  ep  25500/30000  ( 85.0%)  loss 2.0546  val_auc 0.7059±0.0092  best 0.7204  pat 3/20  elapsed 20m14s  ETA 3m34s
[A2_gat_L3]  ep  26000/30000  ( 86.7%)  loss 2.0519  val_auc 0.7184±0.0090  best 0.7204  pat 4/20  elapsed 20m38s  ETA 3m10s
[A2_gat_L3]  ep  26500/30000  ( 88.3%)  loss 2.0280  val_auc 0.7157±0.0093  best 0.7204  pat 5/20  elapsed 21m01s  ETA 2m46s
[A2_gat_L3]  ep  27000/30000  ( 90.0%)  loss 2.0356  val_auc 0.7172±0.0093  best 0.7204  pat 6/20  elapsed 21m25s  ETA 2m22s
[A2_gat_L3]  ep  27500/30000  ( 91.7%)  loss 2.0088  val_auc 0.7192±0.0092  best 0.7204  pat 7/20  elapsed 21m49s  ETA 1m59s
[A2_gat_L3]  ep  28000/30000  ( 93.3%)  loss 2.0308  val_auc 0.7029±0.0095  best 0.7204  pat 8/20  elapsed 22m12s  ETA 1m35s
[A2_gat_L3]  ep  28500/30000  ( 95.0%)  loss 2.0388  val_auc 0.7184±0.0097  best 0.7204  pat 9/20  elapsed 22m36s  ETA 1m11s
[A2_gat_L3]  ep  29000/30000  ( 96.7%)  loss 2.0204  val_auc 0.7103±0.0095  best 0.7204  pat 10/20  elapsed 22m59s  ETA 0m47s
[A2_gat_L3]  ep  29500/30000  ( 98.3%)  loss 2.0485  val_auc 0.7265±0.0094  best 0.7204  pat 11/20  elapsed 23m23s  ETA 0m23s
[A2_gat_L3]  ep  30000/30000  (100.0%)  loss 2.0285  val_auc 0.7226±0.0093  best 0.7265  pat 0/20  elapsed 23m47s  ETA 0m00s

Training complete. Best val AUC: 0.7265
Checkpoint: ./checkpoints/A2_gat_L3_best.pt
History: ./logs_v2/A2_gat_L3_history.json
