Device: cuda
Method: gos_v2 | 5-way 5-shot

=== Loading datasets ===
[cache] loaded 110916 molecules, 673 tasks from ./data_cache/_merged_muv-sider-tox21-toxcast_mp16.pt in 3.7s

=== Splitting tasks ===
  meta-train: 405 tasks
  meta-val: 134 tasks
  meta-test: 134 tasks
Loaded SSL-pretrained encoder from ./checkpoints/ssl_encoder.pt
Model parameters: 188,289

=== Training ===
[exp_name] A3_bipartite
[resume] no checkpoint at ./checkpoints/A3_bipartite_last.pt — training from scratch
[A3_bipartite] training 30000 episodes (start 1, eval every 500, patience 20)
[A3_bipartite]  ep    500/30000  (  1.7%)  loss 2.4480  val_auc 0.5998±0.0092  best 0.0000  pat 0/20  elapsed 0m20s  ETA 20m13s
[A3_bipartite]  ep   1000/30000  (  3.3%)  loss 2.3780  val_auc 0.6003±0.0090  best 0.5998  pat 0/20  elapsed 0m41s  ETA 19m49s
[A3_bipartite]  ep   1500/30000  (  5.0%)  loss 2.3466  val_auc 0.6200±0.0093  best 0.6003  pat 0/20  elapsed 1m01s  ETA 19m25s
[A3_bipartite]  ep   2000/30000  (  6.7%)  loss 2.3203  val_auc 0.6049±0.0092  best 0.6200  pat 0/20  elapsed 1m21s  ETA 19m02s
[A3_bipartite]  ep   2500/30000  (  8.3%)  loss 2.3233  val_auc 0.6147±0.0096  best 0.6200  pat 1/20  elapsed 1m42s  ETA 18m44s
[A3_bipartite]  ep   3000/30000  ( 10.0%)  loss 2.2983  val_auc 0.6377±0.0097  best 0.6200  pat 2/20  elapsed 2m03s  ETA 18m29s
[A3_bipartite]  ep   3500/30000  ( 11.7%)  loss 2.2797  val_auc 0.6389±0.0093  best 0.6377  pat 0/20  elapsed 2m24s  ETA 18m10s
[A3_bipartite]  ep   4000/30000  ( 13.3%)  loss 2.2711  val_auc 0.6528±0.0093  best 0.6389  pat 0/20  elapsed 2m44s  ETA 17m51s
[A3_bipartite]  ep   4500/30000  ( 15.0%)  loss 2.2600  val_auc 0.6584±0.0089  best 0.6528  pat 0/20  elapsed 3m06s  ETA 17m34s
[A3_bipartite]  ep   5000/30000  ( 16.7%)  loss 2.2646  val_auc 0.6525±0.0095  best 0.6584  pat 0/20  elapsed 3m26s  ETA 17m13s
[A3_bipartite]  ep   5500/30000  ( 18.3%)  loss 2.2531  val_auc 0.6510±0.0092  best 0.6584  pat 1/20  elapsed 3m47s  ETA 16m53s
[A3_bipartite]  ep   6000/30000  ( 20.0%)  loss 2.2429  val_auc 0.6643±0.0093  best 0.6584  pat 2/20  elapsed 4m08s  ETA 16m33s
[A3_bipartite]  ep   6500/30000  ( 21.7%)  loss 2.2361  val_auc 0.6625±0.0091  best 0.6643  pat 0/20  elapsed 4m28s  ETA 16m11s
[A3_bipartite]  ep   7000/30000  ( 23.3%)  loss 2.2348  val_auc 0.6508±0.0097  best 0.6643  pat 1/20  elapsed 4m49s  ETA 15m51s
[A3_bipartite]  ep   7500/30000  ( 25.0%)  loss 2.2135  val_auc 0.6634±0.0095  best 0.6643  pat 2/20  elapsed 5m10s  ETA 15m31s
[A3_bipartite]  ep   8000/30000  ( 26.7%)  loss 2.2141  val_auc 0.6745±0.0090  best 0.6643  pat 3/20  elapsed 5m31s  ETA 15m11s
[A3_bipartite]  ep   8500/30000  ( 28.3%)  loss 2.1988  val_auc 0.6824±0.0090  best 0.6745  pat 0/20  elapsed 5m52s  ETA 14m51s
[A3_bipartite]  ep   9000/30000  ( 30.0%)  loss 2.1893  val_auc 0.6662±0.0093  best 0.6824  pat 0/20  elapsed 6m12s  ETA 14m29s
[A3_bipartite]  ep   9500/30000  ( 31.7%)  loss 2.1979  val_auc 0.6783±0.0091  best 0.6824  pat 1/20  elapsed 6m33s  ETA 14m09s
[A3_bipartite]  ep  10000/30000  ( 33.3%)  loss 2.1680  val_auc 0.6850±0.0094  best 0.6824  pat 2/20  elapsed 6m54s  ETA 13m49s
[A3_bipartite]  ep  10500/30000  ( 35.0%)  loss 2.1698  val_auc 0.6899±0.0095  best 0.6850  pat 0/20  elapsed 7m15s  ETA 13m28s
[A3_bipartite]  ep  11000/30000  ( 36.7%)  loss 2.1764  val_auc 0.6730±0.0092  best 0.6899  pat 0/20  elapsed 7m36s  ETA 13m07s
[A3_bipartite]  ep  11500/30000  ( 38.3%)  loss 2.1594  val_auc 0.6820±0.0096  best 0.6899  pat 1/20  elapsed 7m56s  ETA 12m47s
[A3_bipartite]  ep  12000/30000  ( 40.0%)  loss 2.1733  val_auc 0.6830±0.0095  best 0.6899  pat 2/20  elapsed 8m17s  ETA 12m26s
[A3_bipartite]  ep  12500/30000  ( 41.7%)  loss 2.1707  val_auc 0.6779±0.0096  best 0.6899  pat 3/20  elapsed 8m38s  ETA 12m06s
[A3_bipartite]  ep  13000/30000  ( 43.3%)  loss 2.1512  val_auc 0.6881±0.0094  best 0.6899  pat 4/20  elapsed 8m59s  ETA 11m45s
[A3_bipartite]  ep  13500/30000  ( 45.0%)  loss 2.1665  val_auc 0.6921±0.0091  best 0.6899  pat 5/20  elapsed 9m20s  ETA 11m24s
[A3_bipartite]  ep  14000/30000  ( 46.7%)  loss 2.1435  val_auc 0.6950±0.0096  best 0.6921  pat 0/20  elapsed 9m40s  ETA 11m03s
[A3_bipartite]  ep  14500/30000  ( 48.3%)  loss 2.1425  val_auc 0.6923±0.0096  best 0.6950  pat 0/20  elapsed 10m01s  ETA 10m43s
[A3_bipartite]  ep  15000/30000  ( 50.0%)  loss 2.1437  val_auc 0.7020±0.0090  best 0.6950  pat 1/20  elapsed 10m22s  ETA 10m22s
[A3_bipartite]  ep  15500/30000  ( 51.7%)  loss 2.1165  val_auc 0.7017±0.0091  best 0.7020  pat 0/20  elapsed 10m43s  ETA 10m01s
[A3_bipartite]  ep  16000/30000  ( 53.3%)  loss 2.1310  val_auc 0.6952±0.0091  best 0.7020  pat 1/20  elapsed 11m03s  ETA 9m40s
[A3_bipartite]  ep  16500/30000  ( 55.0%)  loss 2.1105  val_auc 0.7028±0.0093  best 0.7020  pat 2/20  elapsed 11m24s  ETA 9m20s
[A3_bipartite]  ep  17000/30000  ( 56.7%)  loss 2.1067  val_auc 0.6933±0.0088  best 0.7028  pat 0/20  elapsed 11m45s  ETA 8m59s
[A3_bipartite]  ep  17500/30000  ( 58.3%)  loss 2.1203  val_auc 0.6982±0.0089  best 0.7028  pat 1/20  elapsed 12m05s  ETA 8m38s
[A3_bipartite]  ep  18000/30000  ( 60.0%)  loss 2.0761  val_auc 0.6943±0.0096  best 0.7028  pat 2/20  elapsed 12m26s  ETA 8m17s
[A3_bipartite]  ep  18500/30000  ( 61.7%)  loss 2.1022  val_auc 0.7025±0.0095  best 0.7028  pat 3/20  elapsed 12m47s  ETA 7m57s
[A3_bipartite]  ep  19000/30000  ( 63.3%)  loss 2.1137  val_auc 0.7013±0.0096  best 0.7028  pat 4/20  elapsed 13m08s  ETA 7m36s
[A3_bipartite]  ep  19500/30000  ( 65.0%)  loss 2.0819  val_auc 0.6975±0.0089  best 0.7028  pat 5/20  elapsed 13m29s  ETA 7m15s
[A3_bipartite]  ep  20000/30000  ( 66.7%)  loss 2.1264  val_auc 0.7065±0.0094  best 0.7028  pat 6/20  elapsed 13m50s  ETA 6m55s
[A3_bipartite]  ep  20500/30000  ( 68.3%)  loss 2.0914  val_auc 0.7090±0.0094  best 0.7065  pat 0/20  elapsed 14m11s  ETA 6m34s
[A3_bipartite]  ep  21000/30000  ( 70.0%)  loss 2.0779  val_auc 0.7088±0.0090  best 0.7090  pat 0/20  elapsed 14m31s  ETA 6m13s
[A3_bipartite]  ep  21500/30000  ( 71.7%)  loss 2.0749  val_auc 0.7101±0.0094  best 0.7090  pat 1/20  elapsed 14m52s  ETA 5m52s
[A3_bipartite]  ep  22000/30000  ( 73.3%)  loss 2.0594  val_auc 0.7087±0.0090  best 0.7101  pat 0/20  elapsed 15m13s  ETA 5m32s
[A3_bipartite]  ep  22500/30000  ( 75.0%)  loss 2.0656  val_auc 0.7075±0.0093  best 0.7101  pat 1/20  elapsed 15m33s  ETA 5m11s
[A3_bipartite]  ep  23000/30000  ( 76.7%)  loss 2.0762  val_auc 0.7141±0.0096  best 0.7101  pat 2/20  elapsed 15m54s  ETA 4m50s
[A3_bipartite]  ep  23500/30000  ( 78.3%)  loss 2.0497  val_auc 0.7233±0.0091  best 0.7141  pat 0/20  elapsed 16m15s  ETA 4m29s
[A3_bipartite]  ep  24000/30000  ( 80.0%)  loss 2.0682  val_auc 0.7154±0.0089  best 0.7233  pat 0/20  elapsed 16m35s  ETA 4m08s
[A3_bipartite]  ep  24500/30000  ( 81.7%)  loss 2.0286  val_auc 0.7187±0.0089  best 0.7233  pat 1/20  elapsed 16m55s  ETA 3m48s
[A3_bipartite]  ep  25000/30000  ( 83.3%)  loss 2.0581  val_auc 0.7163±0.0091  best 0.7233  pat 2/20  elapsed 17m16s  ETA 3m27s
[A3_bipartite]  ep  25500/30000  ( 85.0%)  loss 2.0533  val_auc 0.7057±0.0095  best 0.7233  pat 3/20  elapsed 17m37s  ETA 3m06s
[A3_bipartite]  ep  26000/30000  ( 86.7%)  loss 2.0485  val_auc 0.7253±0.0089  best 0.7233  pat 4/20  elapsed 17m57s  ETA 2m45s
[A3_bipartite]  ep  26500/30000  ( 88.3%)  loss 2.0248  val_auc 0.7185±0.0093  best 0.7253  pat 0/20  elapsed 18m18s  ETA 2m25s
[A3_bipartite]  ep  27000/30000  ( 90.0%)  loss 2.0273  val_auc 0.7168±0.0095  best 0.7253  pat 1/20  elapsed 18m39s  ETA 2m04s
[A3_bipartite]  ep  27500/30000  ( 91.7%)  loss 2.0052  val_auc 0.7268±0.0090  best 0.7253  pat 2/20  elapsed 19m00s  ETA 1m43s
[A3_bipartite]  ep  28000/30000  ( 93.3%)  loss 2.0370  val_auc 0.7105±0.0091  best 0.7268  pat 0/20  elapsed 19m21s  ETA 1m22s
[A3_bipartite]  ep  28500/30000  ( 95.0%)  loss 2.0297  val_auc 0.7245±0.0095  best 0.7268  pat 1/20  elapsed 19m42s  ETA 1m02s
[A3_bipartite]  ep  29000/30000  ( 96.7%)  loss 2.0138  val_auc 0.7162±0.0095  best 0.7268  pat 2/20  elapsed 20m03s  ETA 0m41s
[A3_bipartite]  ep  29500/30000  ( 98.3%)  loss 2.0465  val_auc 0.7274±0.0092  best 0.7268  pat 3/20  elapsed 20m24s  ETA 0m20s
[A3_bipartite]  ep  30000/30000  (100.0%)  loss 2.0273  val_auc 0.7274±0.0092  best 0.7274  pat 0/20  elapsed 20m45s  ETA 0m00s

Training complete. Best val AUC: 0.7274
Checkpoint: ./checkpoints/A3_bipartite_best.pt
History: ./logs_v2/A3_bipartite_history.json
