Device: cuda
Method: gos_v2 | 5-way 5-shot

=== Loading datasets ===
[cache] loaded 110916 molecules, 673 tasks from ./data_cache/_merged_muv-sider-tox21-toxcast_mp16.pt in 3.9s

=== Splitting tasks ===
  meta-train: 405 tasks
  meta-val: 134 tasks
  meta-test: 134 tasks
Loaded SSL-pretrained encoder from ./checkpoints/ssl_encoder.pt
Model parameters: 188,289

=== Training ===
[exp_name] A4_lambda0.1
[resume] no checkpoint at ./checkpoints/A4_lambda0.1_last.pt — training from scratch
[A4_lambda0.1] training 30000 episodes (start 1, eval every 500, patience 20)
[A4_lambda0.1]  ep    500/30000  (  1.7%)  loss 1.7883  val_auc 0.5965±0.0092  best 0.0000  pat 0/20  elapsed 0m20s  ETA 20m25s
[A4_lambda0.1]  ep   1000/30000  (  3.3%)  loss 1.7417  val_auc 0.6064±0.0095  best 0.5965  pat 0/20  elapsed 0m41s  ETA 19m57s
[A4_lambda0.1]  ep   1500/30000  (  5.0%)  loss 1.7275  val_auc 0.6166±0.0086  best 0.6064  pat 0/20  elapsed 1m01s  ETA 19m30s
[A4_lambda0.1]  ep   2000/30000  (  6.7%)  loss 1.7024  val_auc 0.6218±0.0093  best 0.6166  pat 0/20  elapsed 1m22s  ETA 19m09s
[A4_lambda0.1]  ep   2500/30000  (  8.3%)  loss 1.7009  val_auc 0.6135±0.0095  best 0.6218  pat 0/20  elapsed 1m42s  ETA 18m48s
[A4_lambda0.1]  ep   3000/30000  ( 10.0%)  loss 1.6875  val_auc 0.6393±0.0091  best 0.6218  pat 1/20  elapsed 2m02s  ETA 18m26s
[A4_lambda0.1]  ep   3500/30000  ( 11.7%)  loss 1.6743  val_auc 0.6409±0.0096  best 0.6393  pat 0/20  elapsed 2m23s  ETA 18m05s
[A4_lambda0.1]  ep   4000/30000  ( 13.3%)  loss 1.6658  val_auc 0.6444±0.0092  best 0.6409  pat 0/20  elapsed 2m43s  ETA 17m44s
[A4_lambda0.1]  ep   4500/30000  ( 15.0%)  loss 1.6630  val_auc 0.6651±0.0088  best 0.6444  pat 0/20  elapsed 3m04s  ETA 17m22s
[A4_lambda0.1]  ep   5000/30000  ( 16.7%)  loss 1.6597  val_auc 0.6549±0.0095  best 0.6651  pat 0/20  elapsed 3m24s  ETA 17m02s
[A4_lambda0.1]  ep   5500/30000  ( 18.3%)  loss 1.6566  val_auc 0.6452±0.0096  best 0.6651  pat 1/20  elapsed 3m44s  ETA 16m41s
[A4_lambda0.1]  ep   6000/30000  ( 20.0%)  loss 1.6465  val_auc 0.6638±0.0091  best 0.6651  pat 2/20  elapsed 4m05s  ETA 16m21s
[A4_lambda0.1]  ep   6500/30000  ( 21.7%)  loss 1.6457  val_auc 0.6542±0.0090  best 0.6651  pat 3/20  elapsed 4m25s  ETA 16m00s
[A4_lambda0.1]  ep   7000/30000  ( 23.3%)  loss 1.6404  val_auc 0.6496±0.0099  best 0.6651  pat 4/20  elapsed 4m45s  ETA 15m39s
[A4_lambda0.1]  ep   7500/30000  ( 25.0%)  loss 1.6252  val_auc 0.6669±0.0091  best 0.6651  pat 5/20  elapsed 5m06s  ETA 15m18s
[A4_lambda0.1]  ep   8000/30000  ( 26.7%)  loss 1.6267  val_auc 0.6673±0.0092  best 0.6669  pat 0/20  elapsed 5m26s  ETA 14m57s
[A4_lambda0.1]  ep   8500/30000  ( 28.3%)  loss 1.6139  val_auc 0.6751±0.0090  best 0.6673  pat 0/20  elapsed 5m46s  ETA 14m36s
[A4_lambda0.1]  ep   9000/30000  ( 30.0%)  loss 1.6122  val_auc 0.6684±0.0092  best 0.6751  pat 0/20  elapsed 6m07s  ETA 14m16s
[A4_lambda0.1]  ep   9500/30000  ( 31.7%)  loss 1.6162  val_auc 0.6759±0.0089  best 0.6751  pat 1/20  elapsed 6m27s  ETA 13m56s
[A4_lambda0.1]  ep  10000/30000  ( 33.3%)  loss 1.5931  val_auc 0.6695±0.0092  best 0.6759  pat 0/20  elapsed 6m48s  ETA 13m36s
[A4_lambda0.1]  ep  10500/30000  ( 35.0%)  loss 1.5926  val_auc 0.6902±0.0093  best 0.6759  pat 1/20  elapsed 7m08s  ETA 13m15s
[A4_lambda0.1]  ep  11000/30000  ( 36.7%)  loss 1.6037  val_auc 0.6724±0.0092  best 0.6902  pat 0/20  elapsed 7m28s  ETA 12m54s
[A4_lambda0.1]  ep  11500/30000  ( 38.3%)  loss 1.5889  val_auc 0.6819±0.0092  best 0.6902  pat 1/20  elapsed 7m49s  ETA 12m34s
[A4_lambda0.1]  ep  12000/30000  ( 40.0%)  loss 1.5955  val_auc 0.6812±0.0096  best 0.6902  pat 2/20  elapsed 8m09s  ETA 12m14s
[A4_lambda0.1]  ep  12500/30000  ( 41.7%)  loss 1.5982  val_auc 0.6748±0.0093  best 0.6902  pat 3/20  elapsed 8m30s  ETA 11m54s
[A4_lambda0.1]  ep  13000/30000  ( 43.3%)  loss 1.5763  val_auc 0.6846±0.0093  best 0.6902  pat 4/20  elapsed 8m50s  ETA 11m33s
[A4_lambda0.1]  ep  13500/30000  ( 45.0%)  loss 1.5944  val_auc 0.6899±0.0090  best 0.6902  pat 5/20  elapsed 9m10s  ETA 11m12s
[A4_lambda0.1]  ep  14000/30000  ( 46.7%)  loss 1.5781  val_auc 0.6892±0.0095  best 0.6902  pat 6/20  elapsed 9m30s  ETA 10m51s
[A4_lambda0.1]  ep  14500/30000  ( 48.3%)  loss 1.5757  val_auc 0.6905±0.0094  best 0.6902  pat 7/20  elapsed 9m50s  ETA 10m31s
[A4_lambda0.1]  ep  15000/30000  ( 50.0%)  loss 1.5823  val_auc 0.6968±0.0091  best 0.6905  pat 0/20  elapsed 10m10s  ETA 10m10s
[A4_lambda0.1]  ep  15500/30000  ( 51.7%)  loss 1.5606  val_auc 0.6950±0.0094  best 0.6968  pat 0/20  elapsed 10m31s  ETA 9m50s
[A4_lambda0.1]  ep  16000/30000  ( 53.3%)  loss 1.5711  val_auc 0.6915±0.0088  best 0.6968  pat 1/20  elapsed 10m51s  ETA 9m30s
[A4_lambda0.1]  ep  16500/30000  ( 55.0%)  loss 1.5608  val_auc 0.6981±0.0094  best 0.6968  pat 2/20  elapsed 11m12s  ETA 9m09s
[A4_lambda0.1]  ep  17000/30000  ( 56.7%)  loss 1.5529  val_auc 0.6894±0.0093  best 0.6981  pat 0/20  elapsed 11m32s  ETA 8m49s
[A4_lambda0.1]  ep  17500/30000  ( 58.3%)  loss 1.5592  val_auc 0.6968±0.0088  best 0.6981  pat 1/20  elapsed 11m52s  ETA 8m28s
[A4_lambda0.1]  ep  18000/30000  ( 60.0%)  loss 1.5267  val_auc 0.6897±0.0094  best 0.6981  pat 2/20  elapsed 12m12s  ETA 8m08s
[A4_lambda0.1]  ep  18500/30000  ( 61.7%)  loss 1.5470  val_auc 0.6969±0.0097  best 0.6981  pat 3/20  elapsed 12m33s  ETA 7m48s
[A4_lambda0.1]  ep  19000/30000  ( 63.3%)  loss 1.5537  val_auc 0.6956±0.0097  best 0.6981  pat 4/20  elapsed 12m53s  ETA 7m27s
[A4_lambda0.1]  ep  19500/30000  ( 65.0%)  loss 1.5315  val_auc 0.6901±0.0090  best 0.6981  pat 5/20  elapsed 13m13s  ETA 7m07s
[A4_lambda0.1]  ep  20000/30000  ( 66.7%)  loss 1.5663  val_auc 0.7055±0.0093  best 0.6981  pat 6/20  elapsed 13m33s  ETA 6m46s
[A4_lambda0.1]  ep  20500/30000  ( 68.3%)  loss 1.5400  val_auc 0.7032±0.0093  best 0.7055  pat 0/20  elapsed 13m53s  ETA 6m26s
[A4_lambda0.1]  ep  21000/30000  ( 70.0%)  loss 1.5320  val_auc 0.7028±0.0090  best 0.7055  pat 1/20  elapsed 14m13s  ETA 6m05s
[A4_lambda0.1]  ep  21500/30000  ( 71.7%)  loss 1.5283  val_auc 0.7001±0.0093  best 0.7055  pat 2/20  elapsed 14m34s  ETA 5m45s
[A4_lambda0.1]  ep  22000/30000  ( 73.3%)  loss 1.5059  val_auc 0.7162±0.0087  best 0.7055  pat 3/20  elapsed 14m54s  ETA 5m25s
[A4_lambda0.1]  ep  22500/30000  ( 75.0%)  loss 1.5202  val_auc 0.7089±0.0094  best 0.7162  pat 0/20  elapsed 15m14s  ETA 5m04s
[A4_lambda0.1]  ep  23000/30000  ( 76.7%)  loss 1.5211  val_auc 0.7122±0.0098  best 0.7162  pat 1/20  elapsed 15m35s  ETA 4m44s
[A4_lambda0.1]  ep  23500/30000  ( 78.3%)  loss 1.5146  val_auc 0.7164±0.0092  best 0.7162  pat 2/20  elapsed 15m55s  ETA 4m24s
[A4_lambda0.1]  ep  24000/30000  ( 80.0%)  loss 1.5173  val_auc 0.7211±0.0090  best 0.7164  pat 0/20  elapsed 16m15s  ETA 4m03s
[A4_lambda0.1]  ep  24500/30000  ( 81.7%)  loss 1.4979  val_auc 0.7158±0.0088  best 0.7211  pat 0/20  elapsed 16m35s  ETA 3m43s
[A4_lambda0.1]  ep  25000/30000  ( 83.3%)  loss 1.5117  val_auc 0.7116±0.0091  best 0.7211  pat 1/20  elapsed 16m55s  ETA 3m23s
[A4_lambda0.1]  ep  25500/30000  ( 85.0%)  loss 1.5104  val_auc 0.7105±0.0089  best 0.7211  pat 2/20  elapsed 17m16s  ETA 3m02s
[A4_lambda0.1]  ep  26000/30000  ( 86.7%)  loss 1.5054  val_auc 0.7254±0.0089  best 0.7211  pat 3/20  elapsed 17m36s  ETA 2m42s
[A4_lambda0.1]  ep  26500/30000  ( 88.3%)  loss 1.4912  val_auc 0.7184±0.0093  best 0.7254  pat 0/20  elapsed 17m56s  ETA 2m22s
[A4_lambda0.1]  ep  27000/30000  ( 90.0%)  loss 1.4830  val_auc 0.7156±0.0096  best 0.7254  pat 1/20  elapsed 18m16s  ETA 2m01s
[A4_lambda0.1]  ep  27500/30000  ( 91.7%)  loss 1.4731  val_auc 0.7201±0.0094  best 0.7254  pat 2/20  elapsed 18m36s  ETA 1m41s
[A4_lambda0.1]  ep  28000/30000  ( 93.3%)  loss 1.4816  val_auc 0.7077±0.0092  best 0.7254  pat 3/20  elapsed 18m56s  ETA 1m21s
[A4_lambda0.1]  ep  28500/30000  ( 95.0%)  loss 1.4882  val_auc 0.7191±0.0095  best 0.7254  pat 4/20  elapsed 19m16s  ETA 1m00s
[A4_lambda0.1]  ep  29000/30000  ( 96.7%)  loss 1.4836  val_auc 0.7155±0.0093  best 0.7254  pat 5/20  elapsed 19m37s  ETA 0m40s
[A4_lambda0.1]  ep  29500/30000  ( 98.3%)  loss 1.5047  val_auc 0.7291±0.0091  best 0.7254  pat 6/20  elapsed 19m56s  ETA 0m20s
[A4_lambda0.1]  ep  30000/30000  (100.0%)  loss 1.4892  val_auc 0.7120±0.0097  best 0.7291  pat 0/20  elapsed 20m16s  ETA 0m00s

Training complete. Best val AUC: 0.7291
Checkpoint: ./checkpoints/A4_lambda0.1_best.pt
History: ./logs_v2/A4_lambda0.1_history.json
