Device: cuda
Method: gos_v2 | 5-way 5-shot

=== Loading datasets ===
[cache] loaded 110916 molecules, 673 tasks from ./data_cache/_merged_muv-sider-tox21-toxcast_mp16.pt in 3.6s

=== Splitting tasks ===
  meta-train: 405 tasks
  meta-val: 134 tasks
  meta-test: 134 tasks
Loaded SSL-pretrained encoder from ./checkpoints/ssl_encoder.pt
Model parameters: 188,289

=== Training ===
[exp_name] A4_lambda0.5
[resume] no checkpoint at ./checkpoints/A4_lambda0.5_last.pt — training from scratch
[A4_lambda0.5] training 30000 episodes (start 1, eval every 500, patience 20)
[A4_lambda0.5]  ep    500/30000  (  1.7%)  loss 2.4435  val_auc 0.5879±0.0089  best 0.0000  pat 0/20  elapsed 0m19s  ETA 19m39s
[A4_lambda0.5]  ep   1000/30000  (  3.3%)  loss 2.3860  val_auc 0.5848±0.0089  best 0.5879  pat 0/20  elapsed 0m39s  ETA 19m08s
[A4_lambda0.5]  ep   1500/30000  (  5.0%)  loss 2.3573  val_auc 0.6043±0.0092  best 0.5879  pat 1/20  elapsed 1m00s  ETA 19m06s
[A4_lambda0.5]  ep   2000/30000  (  6.7%)  loss 2.3403  val_auc 0.6119±0.0094  best 0.6043  pat 0/20  elapsed 1m20s  ETA 18m48s
[A4_lambda0.5]  ep   2500/30000  (  8.3%)  loss 2.3326  val_auc 0.6084±0.0091  best 0.6119  pat 0/20  elapsed 1m40s  ETA 18m30s
[A4_lambda0.5]  ep   3000/30000  ( 10.0%)  loss 2.3099  val_auc 0.6306±0.0090  best 0.6119  pat 1/20  elapsed 2m00s  ETA 18m04s
[A4_lambda0.5]  ep   3500/30000  ( 11.7%)  loss 2.2939  val_auc 0.6354±0.0093  best 0.6306  pat 0/20  elapsed 2m20s  ETA 17m42s
[A4_lambda0.5]  ep   4000/30000  ( 13.3%)  loss 2.2816  val_auc 0.6360±0.0093  best 0.6354  pat 0/20  elapsed 2m40s  ETA 17m25s
[A4_lambda0.5]  ep   4500/30000  ( 15.0%)  loss 2.2712  val_auc 0.6527±0.0091  best 0.6360  pat 0/20  elapsed 3m00s  ETA 17m04s
[A4_lambda0.5]  ep   5000/30000  ( 16.7%)  loss 2.2749  val_auc 0.6500±0.0097  best 0.6527  pat 0/20  elapsed 3m21s  ETA 16m48s
[A4_lambda0.5]  ep   5500/30000  ( 18.3%)  loss 2.2586  val_auc 0.6493±0.0096  best 0.6527  pat 1/20  elapsed 3m42s  ETA 16m31s
[A4_lambda0.5]  ep   6000/30000  ( 20.0%)  loss 2.2514  val_auc 0.6571±0.0095  best 0.6527  pat 2/20  elapsed 4m02s  ETA 16m08s
[A4_lambda0.5]  ep   6500/30000  ( 21.7%)  loss 2.2340  val_auc 0.6585±0.0092  best 0.6571  pat 0/20  elapsed 4m21s  ETA 15m45s
[A4_lambda0.5]  ep   7000/30000  ( 23.3%)  loss 2.2414  val_auc 0.6447±0.0099  best 0.6585  pat 0/20  elapsed 4m40s  ETA 15m22s
[A4_lambda0.5]  ep   7500/30000  ( 25.0%)  loss 2.2176  val_auc 0.6559±0.0092  best 0.6585  pat 1/20  elapsed 4m59s  ETA 14m59s
[A4_lambda0.5]  ep   8000/30000  ( 26.7%)  loss 2.2259  val_auc 0.6696±0.0093  best 0.6585  pat 2/20  elapsed 5m18s  ETA 14m37s
[A4_lambda0.5]  ep   8500/30000  ( 28.3%)  loss 2.2042  val_auc 0.6777±0.0091  best 0.6696  pat 0/20  elapsed 5m38s  ETA 14m15s
[A4_lambda0.5]  ep   9000/30000  ( 30.0%)  loss 2.1988  val_auc 0.6661±0.0092  best 0.6777  pat 0/20  elapsed 5m57s  ETA 13m54s
[A4_lambda0.5]  ep   9500/30000  ( 31.7%)  loss 2.2003  val_auc 0.6757±0.0090  best 0.6777  pat 1/20  elapsed 6m17s  ETA 13m34s
[A4_lambda0.5]  ep  10000/30000  ( 33.3%)  loss 2.1695  val_auc 0.6856±0.0092  best 0.6777  pat 2/20  elapsed 6m36s  ETA 13m13s
[A4_lambda0.5]  ep  10500/30000  ( 35.0%)  loss 2.1702  val_auc 0.6868±0.0092  best 0.6856  pat 0/20  elapsed 6m56s  ETA 12m53s
[A4_lambda0.5]  ep  11000/30000  ( 36.7%)  loss 2.1841  val_auc 0.6667±0.0090  best 0.6868  pat 0/20  elapsed 7m15s  ETA 12m32s
[A4_lambda0.5]  ep  11500/30000  ( 38.3%)  loss 2.1601  val_auc 0.6837±0.0094  best 0.6868  pat 1/20  elapsed 7m35s  ETA 12m12s
[A4_lambda0.5]  ep  12000/30000  ( 40.0%)  loss 2.1705  val_auc 0.6836±0.0095  best 0.6868  pat 2/20  elapsed 7m54s  ETA 11m51s
[A4_lambda0.5]  ep  12500/30000  ( 41.7%)  loss 2.1715  val_auc 0.6702±0.0095  best 0.6868  pat 3/20  elapsed 8m13s  ETA 11m31s
[A4_lambda0.5]  ep  13000/30000  ( 43.3%)  loss 2.1468  val_auc 0.6853±0.0094  best 0.6868  pat 4/20  elapsed 8m33s  ETA 11m11s
[A4_lambda0.5]  ep  13500/30000  ( 45.0%)  loss 2.1708  val_auc 0.6872±0.0088  best 0.6868  pat 5/20  elapsed 8m53s  ETA 10m51s
[A4_lambda0.5]  ep  14000/30000  ( 46.7%)  loss 2.1472  val_auc 0.6871±0.0094  best 0.6872  pat 0/20  elapsed 9m12s  ETA 10m31s
[A4_lambda0.5]  ep  14500/30000  ( 48.3%)  loss 2.1496  val_auc 0.6949±0.0095  best 0.6872  pat 1/20  elapsed 9m31s  ETA 10m11s
[A4_lambda0.5]  ep  15000/30000  ( 50.0%)  loss 2.1548  val_auc 0.6964±0.0092  best 0.6949  pat 0/20  elapsed 9m51s  ETA 9m51s
[A4_lambda0.5]  ep  15500/30000  ( 51.7%)  loss 2.1275  val_auc 0.7009±0.0090  best 0.6964  pat 0/20  elapsed 10m12s  ETA 9m32s
[A4_lambda0.5]  ep  16000/30000  ( 53.3%)  loss 2.1409  val_auc 0.7019±0.0090  best 0.7009  pat 0/20  elapsed 10m32s  ETA 9m13s
[A4_lambda0.5]  ep  16500/30000  ( 55.0%)  loss 2.1183  val_auc 0.7082±0.0093  best 0.7019  pat 0/20  elapsed 10m52s  ETA 8m54s
[A4_lambda0.5]  ep  17000/30000  ( 56.7%)  loss 2.1144  val_auc 0.6878±0.0091  best 0.7082  pat 0/20  elapsed 11m13s  ETA 8m34s
[A4_lambda0.5]  ep  17500/30000  ( 58.3%)  loss 2.1290  val_auc 0.6991±0.0088  best 0.7082  pat 1/20  elapsed 11m33s  ETA 8m15s
[A4_lambda0.5]  ep  18000/30000  ( 60.0%)  loss 2.0703  val_auc 0.6885±0.0098  best 0.7082  pat 2/20  elapsed 11m53s  ETA 7m55s
[A4_lambda0.5]  ep  18500/30000  ( 61.7%)  loss 2.1053  val_auc 0.7049±0.0098  best 0.7082  pat 3/20  elapsed 12m13s  ETA 7m36s
[A4_lambda0.5]  ep  19000/30000  ( 63.3%)  loss 2.1141  val_auc 0.6978±0.0097  best 0.7082  pat 4/20  elapsed 12m33s  ETA 7m16s
[A4_lambda0.5]  ep  19500/30000  ( 65.0%)  loss 2.0867  val_auc 0.7024±0.0092  best 0.7082  pat 5/20  elapsed 12m54s  ETA 6m57s
[A4_lambda0.5]  ep  20000/30000  ( 66.7%)  loss 2.1277  val_auc 0.7155±0.0093  best 0.7082  pat 6/20  elapsed 13m15s  ETA 6m37s
[A4_lambda0.5]  ep  20500/30000  ( 68.3%)  loss 2.0855  val_auc 0.7093±0.0099  best 0.7155  pat 0/20  elapsed 13m35s  ETA 6m17s
[A4_lambda0.5]  ep  21000/30000  ( 70.0%)  loss 2.0840  val_auc 0.7062±0.0089  best 0.7155  pat 1/20  elapsed 13m55s  ETA 5m58s
[A4_lambda0.5]  ep  21500/30000  ( 71.7%)  loss 2.0850  val_auc 0.7113±0.0096  best 0.7155  pat 2/20  elapsed 14m15s  ETA 5m38s
[A4_lambda0.5]  ep  22000/30000  ( 73.3%)  loss 2.0592  val_auc 0.7084±0.0089  best 0.7155  pat 3/20  elapsed 14m35s  ETA 5m18s
[A4_lambda0.5]  ep  22500/30000  ( 75.0%)  loss 2.0675  val_auc 0.7099±0.0092  best 0.7155  pat 4/20  elapsed 14m55s  ETA 4m58s
[A4_lambda0.5]  ep  23000/30000  ( 76.7%)  loss 2.0736  val_auc 0.7096±0.0096  best 0.7155  pat 5/20  elapsed 15m15s  ETA 4m38s
[A4_lambda0.5]  ep  23500/30000  ( 78.3%)  loss 2.0504  val_auc 0.7207±0.0091  best 0.7155  pat 6/20  elapsed 15m35s  ETA 4m18s
[A4_lambda0.5]  ep  24000/30000  ( 80.0%)  loss 2.0755  val_auc 0.7185±0.0087  best 0.7207  pat 0/20  elapsed 15m55s  ETA 3m58s
[A4_lambda0.5]  ep  24500/30000  ( 81.7%)  loss 2.0348  val_auc 0.7177±0.0088  best 0.7207  pat 1/20  elapsed 16m16s  ETA 3m39s
[A4_lambda0.5]  ep  25000/30000  ( 83.3%)  loss 2.0654  val_auc 0.7132±0.0093  best 0.7207  pat 2/20  elapsed 16m36s  ETA 3m19s
[A4_lambda0.5]  ep  25500/30000  ( 85.0%)  loss 2.0611  val_auc 0.7116±0.0092  best 0.7207  pat 3/20  elapsed 16m56s  ETA 2m59s
[A4_lambda0.5]  ep  26000/30000  ( 86.7%)  loss 2.0566  val_auc 0.7249±0.0088  best 0.7207  pat 4/20  elapsed 17m17s  ETA 2m39s
[A4_lambda0.5]  ep  26500/30000  ( 88.3%)  loss 2.0351  val_auc 0.7176±0.0095  best 0.7249  pat 0/20  elapsed 17m37s  ETA 2m19s
[A4_lambda0.5]  ep  27000/30000  ( 90.0%)  loss 2.0315  val_auc 0.7242±0.0093  best 0.7249  pat 1/20  elapsed 17m57s  ETA 1m59s
[A4_lambda0.5]  ep  27500/30000  ( 91.7%)  loss 2.0093  val_auc 0.7279±0.0095  best 0.7249  pat 2/20  elapsed 18m17s  ETA 1m39s
[A4_lambda0.5]  ep  28000/30000  ( 93.3%)  loss 2.0214  val_auc 0.7054±0.0092  best 0.7279  pat 0/20  elapsed 18m37s  ETA 1m19s
[A4_lambda0.5]  ep  28500/30000  ( 95.0%)  loss 2.0337  val_auc 0.7239±0.0092  best 0.7279  pat 1/20  elapsed 18m58s  ETA 0m59s
[A4_lambda0.5]  ep  29000/30000  ( 96.7%)  loss 2.0146  val_auc 0.7147±0.0097  best 0.7279  pat 2/20  elapsed 19m18s  ETA 0m39s
[A4_lambda0.5]  ep  29500/30000  ( 98.3%)  loss 2.0518  val_auc 0.7240±0.0096  best 0.7279  pat 3/20  elapsed 19m38s  ETA 0m19s
[A4_lambda0.5]  ep  30000/30000  (100.0%)  loss 2.0274  val_auc 0.7231±0.0094  best 0.7279  pat 4/20  elapsed 19m58s  ETA 0m00s

Training complete. Best val AUC: 0.7279
Checkpoint: ./checkpoints/A4_lambda0.5_best.pt
History: ./logs_v2/A4_lambda0.5_history.json
