Device: cuda
Method: gos_v2 | 5-way 5-shot

=== Loading datasets ===
[cache] loaded 110916 molecules, 673 tasks from ./data_cache/_merged_muv-sider-tox21-toxcast_mp16.pt in 3.6s

=== Splitting tasks ===
  meta-train: 405 tasks
  meta-val: 134 tasks
  meta-test: 134 tasks
Loaded SSL-pretrained encoder from ./checkpoints/ssl_encoder.pt
Model parameters: 220,801

=== Training ===
[exp_name] A2_gcn_L3
[resume] no checkpoint at ./checkpoints/A2_gcn_L3_last.pt — training from scratch
[A2_gcn_L3] training 30000 episodes (start 1, eval every 500, patience 20)
[A2_gcn_L3]  ep    500/30000  (  1.7%)  loss 2.4433  val_auc 0.5827±0.0086  best 0.0000  pat 0/20  elapsed 0m24s  ETA 24m20s
[A2_gcn_L3]  ep   1000/30000  (  3.3%)  loss 2.3724  val_auc 0.5914±0.0091  best 0.5827  pat 0/20  elapsed 0m48s  ETA 23m28s
[A2_gcn_L3]  ep   1500/30000  (  5.0%)  loss 2.3495  val_auc 0.6137±0.0086  best 0.5914  pat 0/20  elapsed 1m12s  ETA 23m02s
[A2_gcn_L3]  ep   2000/30000  (  6.7%)  loss 2.3203  val_auc 0.6202±0.0093  best 0.6137  pat 0/20  elapsed 1m36s  ETA 22m31s
[A2_gcn_L3]  ep   2500/30000  (  8.3%)  loss 2.3218  val_auc 0.6197±0.0091  best 0.6202  pat 0/20  elapsed 2m00s  ETA 22m04s
[A2_gcn_L3]  ep   3000/30000  ( 10.0%)  loss 2.3007  val_auc 0.6336±0.0096  best 0.6202  pat 1/20  elapsed 2m24s  ETA 21m36s
[A2_gcn_L3]  ep   3500/30000  ( 11.7%)  loss 2.2813  val_auc 0.6458±0.0093  best 0.6336  pat 0/20  elapsed 2m48s  ETA 21m16s
[A2_gcn_L3]  ep   4000/30000  ( 13.3%)  loss 2.2766  val_auc 0.6430±0.0092  best 0.6458  pat 0/20  elapsed 3m13s  ETA 20m55s
[A2_gcn_L3]  ep   4500/30000  ( 15.0%)  loss 2.2567  val_auc 0.6553±0.0090  best 0.6458  pat 1/20  elapsed 3m37s  ETA 20m29s
[A2_gcn_L3]  ep   5000/30000  ( 16.7%)  loss 2.2623  val_auc 0.6488±0.0094  best 0.6553  pat 0/20  elapsed 4m00s  ETA 20m04s
[A2_gcn_L3]  ep   5500/30000  ( 18.3%)  loss 2.2461  val_auc 0.6543±0.0094  best 0.6553  pat 1/20  elapsed 4m24s  ETA 19m38s
[A2_gcn_L3]  ep   6000/30000  ( 20.0%)  loss 2.2363  val_auc 0.6649±0.0094  best 0.6553  pat 2/20  elapsed 4m48s  ETA 19m13s
[A2_gcn_L3]  ep   6500/30000  ( 21.7%)  loss 2.2256  val_auc 0.6580±0.0093  best 0.6649  pat 0/20  elapsed 5m12s  ETA 18m48s
[A2_gcn_L3]  ep   7000/30000  ( 23.3%)  loss 2.2296  val_auc 0.6489±0.0097  best 0.6649  pat 1/20  elapsed 5m36s  ETA 18m24s
[A2_gcn_L3]  ep   7500/30000  ( 25.0%)  loss 2.2021  val_auc 0.6673±0.0091  best 0.6649  pat 2/20  elapsed 6m01s  ETA 18m05s
[A2_gcn_L3]  ep   8000/30000  ( 26.7%)  loss 2.2084  val_auc 0.6739±0.0091  best 0.6673  pat 0/20  elapsed 6m26s  ETA 17m42s
[A2_gcn_L3]  ep   8500/30000  ( 28.3%)  loss 2.1991  val_auc 0.6823±0.0089  best 0.6739  pat 0/20  elapsed 6m50s  ETA 17m19s
[A2_gcn_L3]  ep   9000/30000  ( 30.0%)  loss 2.1934  val_auc 0.6610±0.0092  best 0.6823  pat 0/20  elapsed 7m15s  ETA 16m56s
[A2_gcn_L3]  ep   9500/30000  ( 31.7%)  loss 2.1954  val_auc 0.6798±0.0088  best 0.6823  pat 1/20  elapsed 7m39s  ETA 16m31s
[A2_gcn_L3]  ep  10000/30000  ( 33.3%)  loss 2.1650  val_auc 0.6867±0.0090  best 0.6823  pat 2/20  elapsed 8m03s  ETA 16m07s
[A2_gcn_L3]  ep  10500/30000  ( 35.0%)  loss 2.1607  val_auc 0.6870±0.0092  best 0.6867  pat 0/20  elapsed 8m27s  ETA 15m42s
[A2_gcn_L3]  ep  11000/30000  ( 36.7%)  loss 2.1717  val_auc 0.6783±0.0092  best 0.6870  pat 0/20  elapsed 8m52s  ETA 15m18s
[A2_gcn_L3]  ep  11500/30000  ( 38.3%)  loss 2.1587  val_auc 0.6848±0.0092  best 0.6870  pat 1/20  elapsed 9m16s  ETA 14m54s
[A2_gcn_L3]  ep  12000/30000  ( 40.0%)  loss 2.1530  val_auc 0.6851±0.0095  best 0.6870  pat 2/20  elapsed 9m40s  ETA 14m30s
[A2_gcn_L3]  ep  12500/30000  ( 41.7%)  loss 2.1715  val_auc 0.6867±0.0095  best 0.6870  pat 3/20  elapsed 10m04s  ETA 14m05s
[A2_gcn_L3]  ep  13000/30000  ( 43.3%)  loss 2.1374  val_auc 0.6920±0.0097  best 0.6870  pat 4/20  elapsed 10m28s  ETA 13m42s
[A2_gcn_L3]  ep  13500/30000  ( 45.0%)  loss 2.1586  val_auc 0.6909±0.0087  best 0.6920  pat 0/20  elapsed 10m53s  ETA 13m18s
[A2_gcn_L3]  ep  14000/30000  ( 46.7%)  loss 2.1416  val_auc 0.6870±0.0094  best 0.6920  pat 1/20  elapsed 11m17s  ETA 12m54s
[A2_gcn_L3]  ep  14500/30000  ( 48.3%)  loss 2.1350  val_auc 0.6969±0.0095  best 0.6920  pat 2/20  elapsed 11m42s  ETA 12m30s
[A2_gcn_L3]  ep  15000/30000  ( 50.0%)  loss 2.1428  val_auc 0.6989±0.0091  best 0.6969  pat 0/20  elapsed 12m07s  ETA 12m07s
[A2_gcn_L3]  ep  15500/30000  ( 51.7%)  loss 2.1144  val_auc 0.6956±0.0094  best 0.6989  pat 0/20  elapsed 12m31s  ETA 11m43s
[A2_gcn_L3]  ep  16000/30000  ( 53.3%)  loss 2.1307  val_auc 0.6939±0.0087  best 0.6989  pat 1/20  elapsed 12m56s  ETA 11m19s
[A2_gcn_L3]  ep  16500/30000  ( 55.0%)  loss 2.1130  val_auc 0.7071±0.0095  best 0.6989  pat 2/20  elapsed 13m20s  ETA 10m55s
[A2_gcn_L3]  ep  17000/30000  ( 56.7%)  loss 2.1010  val_auc 0.6867±0.0092  best 0.7071  pat 0/20  elapsed 13m45s  ETA 10m30s
[A2_gcn_L3]  ep  17500/30000  ( 58.3%)  loss 2.1210  val_auc 0.6981±0.0089  best 0.7071  pat 1/20  elapsed 14m09s  ETA 10m06s
[A2_gcn_L3]  ep  18000/30000  ( 60.0%)  loss 2.0645  val_auc 0.6953±0.0096  best 0.7071  pat 2/20  elapsed 14m33s  ETA 9m42s
[A2_gcn_L3]  ep  18500/30000  ( 61.7%)  loss 2.1003  val_auc 0.7055±0.0096  best 0.7071  pat 3/20  elapsed 14m57s  ETA 9m17s
[A2_gcn_L3]  ep  19000/30000  ( 63.3%)  loss 2.1012  val_auc 0.6992±0.0096  best 0.7071  pat 4/20  elapsed 15m21s  ETA 8m53s
[A2_gcn_L3]  ep  19500/30000  ( 65.0%)  loss 2.0773  val_auc 0.6880±0.0088  best 0.7071  pat 5/20  elapsed 15m45s  ETA 8m29s
[A2_gcn_L3]  ep  20000/30000  ( 66.7%)  loss 2.1202  val_auc 0.7054±0.0094  best 0.7071  pat 6/20  elapsed 16m09s  ETA 8m04s
[A2_gcn_L3]  ep  20500/30000  ( 68.3%)  loss 2.0850  val_auc 0.7077±0.0094  best 0.7071  pat 7/20  elapsed 16m34s  ETA 7m40s
[A2_gcn_L3]  ep  21000/30000  ( 70.0%)  loss 2.0736  val_auc 0.7070±0.0089  best 0.7077  pat 0/20  elapsed 16m59s  ETA 7m16s
[A2_gcn_L3]  ep  21500/30000  ( 71.7%)  loss 2.0703  val_auc 0.7070±0.0088  best 0.7077  pat 1/20  elapsed 17m23s  ETA 6m52s
[A2_gcn_L3]  ep  22000/30000  ( 73.3%)  loss 2.0520  val_auc 0.7087±0.0089  best 0.7077  pat 2/20  elapsed 17m47s  ETA 6m28s
[A2_gcn_L3]  ep  22500/30000  ( 75.0%)  loss 2.0670  val_auc 0.7025±0.0094  best 0.7087  pat 0/20  elapsed 18m11s  ETA 6m03s
[A2_gcn_L3]  ep  23000/30000  ( 76.7%)  loss 2.0748  val_auc 0.7110±0.0095  best 0.7087  pat 1/20  elapsed 18m36s  ETA 5m39s
[A2_gcn_L3]  ep  23500/30000  ( 78.3%)  loss 2.0438  val_auc 0.7188±0.0089  best 0.7110  pat 0/20  elapsed 19m00s  ETA 5m15s
[A2_gcn_L3]  ep  24000/30000  ( 80.0%)  loss 2.0654  val_auc 0.7188±0.0093  best 0.7188  pat 0/20  elapsed 19m24s  ETA 4m51s
[A2_gcn_L3]  ep  24500/30000  ( 81.7%)  loss 2.0324  val_auc 0.7163±0.0089  best 0.7188  pat 0/20  elapsed 19m49s  ETA 4m26s
[A2_gcn_L3]  ep  25000/30000  ( 83.3%)  loss 2.0695  val_auc 0.7170±0.0094  best 0.7188  pat 1/20  elapsed 20m12s  ETA 4m02s
[A2_gcn_L3]  ep  25500/30000  ( 85.0%)  loss 2.0570  val_auc 0.7095±0.0093  best 0.7188  pat 2/20  elapsed 20m36s  ETA 3m38s
[A2_gcn_L3]  ep  26000/30000  ( 86.7%)  loss 2.0373  val_auc 0.7251±0.0088  best 0.7188  pat 3/20  elapsed 21m00s  ETA 3m13s
[A2_gcn_L3]  ep  26500/30000  ( 88.3%)  loss 2.0152  val_auc 0.7165±0.0094  best 0.7251  pat 0/20  elapsed 21m24s  ETA 2m49s
[A2_gcn_L3]  ep  27000/30000  ( 90.0%)  loss 2.0234  val_auc 0.7186±0.0092  best 0.7251  pat 1/20  elapsed 21m48s  ETA 2m25s
[A2_gcn_L3]  ep  27500/30000  ( 91.7%)  loss 2.0018  val_auc 0.7247±0.0091  best 0.7251  pat 2/20  elapsed 22m11s  ETA 2m01s
[A2_gcn_L3]  ep  28000/30000  ( 93.3%)  loss 2.0343  val_auc 0.7052±0.0091  best 0.7251  pat 3/20  elapsed 22m36s  ETA 1m36s
[A2_gcn_L3]  ep  28500/30000  ( 95.0%)  loss 2.0338  val_auc 0.7212±0.0095  best 0.7251  pat 4/20  elapsed 23m00s  ETA 1m12s
[A2_gcn_L3]  ep  29000/30000  ( 96.7%)  loss 2.0063  val_auc 0.7176±0.0095  best 0.7251  pat 5/20  elapsed 23m24s  ETA 0m48s
[A2_gcn_L3]  ep  29500/30000  ( 98.3%)  loss 2.0334  val_auc 0.7246±0.0093  best 0.7251  pat 6/20  elapsed 23m48s  ETA 0m24s
[A2_gcn_L3]  ep  30000/30000  (100.0%)  loss 2.0234  val_auc 0.7132±0.0091  best 0.7251  pat 7/20  elapsed 24m11s  ETA 0m00s

Training complete. Best val AUC: 0.7251
Checkpoint: ./checkpoints/A2_gcn_L3_best.pt
History: ./logs_v2/A2_gcn_L3_history.json
