Device: cuda
Method: gos_v2 | 5-way 5-shot

=== Loading datasets ===
[cache] loaded 110916 molecules, 673 tasks from ./data_cache/_merged_muv-sider-tox21-toxcast_mp16.pt in 3.5s

=== Splitting tasks ===
  meta-train: 405 tasks
  meta-val: 134 tasks
  meta-test: 134 tasks
Model parameters: 188,289

=== Training ===
[resume] loading ./checkpoints/gos_v2_5w5s_cosine_k5_last.pt
[resume] starting from episode 10001, best val AUC so far 0.6523
[gos_v2_5w5s_cosine_k5] training 30000 episodes (start 10001, eval every 500, patience 20)
[gos_v2_5w5s_cosine_k5]  ep  10500/30000  ( 35.0%)  loss 2.2229  val_auc 0.6643±0.0092  best 0.6523  pat 1/20  elapsed 0m22s  ETA 0m41s
[gos_v2_5w5s_cosine_k5]  ep  11000/30000  ( 36.7%)  loss 2.2307  val_auc 0.6651±0.0094  best 0.6643  pat 0/20  elapsed 0m43s  ETA 1m15s
[gos_v2_5w5s_cosine_k5]  ep  11500/30000  ( 38.3%)  loss 2.2238  val_auc 0.6704±0.0093  best 0.6651  pat 0/20  elapsed 1m05s  ETA 1m45s
[gos_v2_5w5s_cosine_k5]  ep  12000/30000  ( 40.0%)  loss 2.1988  val_auc 0.6647±0.0091  best 0.6704  pat 0/20  elapsed 1m27s  ETA 2m11s
[gos_v2_5w5s_cosine_k5]  ep  12500/30000  ( 41.7%)  loss 2.2162  val_auc 0.6606±0.0097  best 0.6704  pat 1/20  elapsed 1m49s  ETA 2m32s
[gos_v2_5w5s_cosine_k5]  ep  13000/30000  ( 43.3%)  loss 2.1978  val_auc 0.6686±0.0094  best 0.6704  pat 2/20  elapsed 2m10s  ETA 2m50s
[gos_v2_5w5s_cosine_k5]  ep  13500/30000  ( 45.0%)  loss 2.1937  val_auc 0.6690±0.0092  best 0.6704  pat 3/20  elapsed 2m32s  ETA 3m06s
[gos_v2_5w5s_cosine_k5]  ep  14000/30000  ( 46.7%)  loss 2.1979  val_auc 0.6740±0.0090  best 0.6704  pat 4/20  elapsed 2m53s  ETA 3m18s
[gos_v2_5w5s_cosine_k5]  ep  14500/30000  ( 48.3%)  loss 2.1796  val_auc 0.6727±0.0093  best 0.6740  pat 0/20  elapsed 3m15s  ETA 3m28s
[gos_v2_5w5s_cosine_k5]  ep  15000/30000  ( 50.0%)  loss 2.1953  val_auc 0.6766±0.0094  best 0.6740  pat 1/20  elapsed 3m36s  ETA 3m36s
[gos_v2_5w5s_cosine_k5]  ep  15500/30000  ( 51.7%)  loss 2.1908  val_auc 0.6730±0.0095  best 0.6766  pat 0/20  elapsed 3m57s  ETA 3m42s
[gos_v2_5w5s_cosine_k5]  ep  16000/30000  ( 53.3%)  loss 2.1779  val_auc 0.6785±0.0092  best 0.6766  pat 1/20  elapsed 4m19s  ETA 3m47s
[gos_v2_5w5s_cosine_k5]  ep  16500/30000  ( 55.0%)  loss 2.1767  val_auc 0.6801±0.0087  best 0.6785  pat 0/20  elapsed 4m42s  ETA 3m50s
[gos_v2_5w5s_cosine_k5]  ep  17000/30000  ( 56.7%)  loss 2.1879  val_auc 0.6649±0.0097  best 0.6801  pat 0/20  elapsed 5m03s  ETA 3m52s
[gos_v2_5w5s_cosine_k5]  ep  17500/30000  ( 58.3%)  loss 2.1554  val_auc 0.6735±0.0093  best 0.6801  pat 1/20  elapsed 5m25s  ETA 3m52s
[gos_v2_5w5s_cosine_k5]  ep  18000/30000  ( 60.0%)  loss 2.1686  val_auc 0.6855±0.0094  best 0.6801  pat 2/20  elapsed 5m47s  ETA 3m51s
[gos_v2_5w5s_cosine_k5]  ep  18500/30000  ( 61.7%)  loss 2.1515  val_auc 0.6959±0.0092  best 0.6855  pat 0/20  elapsed 6m08s  ETA 3m49s
[gos_v2_5w5s_cosine_k5]  ep  19000/30000  ( 63.3%)  loss 2.1516  val_auc 0.6776±0.0095  best 0.6959  pat 0/20  elapsed 6m30s  ETA 3m45s
[gos_v2_5w5s_cosine_k5]  ep  19500/30000  ( 65.0%)  loss 2.1657  val_auc 0.6906±0.0091  best 0.6959  pat 1/20  elapsed 6m51s  ETA 3m41s
[gos_v2_5w5s_cosine_k5]  ep  20000/30000  ( 66.7%)  loss 2.1290  val_auc 0.6939±0.0092  best 0.6959  pat 2/20  elapsed 7m12s  ETA 3m36s
[gos_v2_5w5s_cosine_k5]  ep  20500/30000  ( 68.3%)  loss 2.1352  val_auc 0.6941±0.0095  best 0.6959  pat 3/20  elapsed 7m34s  ETA 3m30s
[gos_v2_5w5s_cosine_k5]  ep  21000/30000  ( 70.0%)  loss 2.1521  val_auc 0.6794±0.0092  best 0.6959  pat 4/20  elapsed 7m55s  ETA 3m23s
[gos_v2_5w5s_cosine_k5]  ep  21500/30000  ( 71.7%)  loss 2.1280  val_auc 0.6940±0.0093  best 0.6959  pat 5/20  elapsed 8m16s  ETA 3m16s
[gos_v2_5w5s_cosine_k5]  ep  22000/30000  ( 73.3%)  loss 2.1432  val_auc 0.6943±0.0093  best 0.6959  pat 6/20  elapsed 8m37s  ETA 3m08s
[gos_v2_5w5s_cosine_k5]  ep  22500/30000  ( 75.0%)  loss 2.1498  val_auc 0.6844±0.0092  best 0.6959  pat 7/20  elapsed 8m59s  ETA 2m59s
[gos_v2_5w5s_cosine_k5]  ep  23000/30000  ( 76.7%)  loss 2.1275  val_auc 0.6949±0.0092  best 0.6959  pat 8/20  elapsed 9m20s  ETA 2m50s
[gos_v2_5w5s_cosine_k5]  ep  23500/30000  ( 78.3%)  loss 2.1454  val_auc 0.6936±0.0091  best 0.6959  pat 9/20  elapsed 9m42s  ETA 2m41s
[gos_v2_5w5s_cosine_k5]  ep  24000/30000  ( 80.0%)  loss 2.1247  val_auc 0.6942±0.0093  best 0.6959  pat 10/20  elapsed 10m03s  ETA 2m30s
[gos_v2_5w5s_cosine_k5]  ep  24500/30000  ( 81.7%)  loss 2.1239  val_auc 0.6912±0.0096  best 0.6959  pat 11/20  elapsed 10m25s  ETA 2m20s
[gos_v2_5w5s_cosine_k5]  ep  25000/30000  ( 83.3%)  loss 2.1353  val_auc 0.7061±0.0088  best 0.6959  pat 12/20  elapsed 10m47s  ETA 2m09s
[gos_v2_5w5s_cosine_k5]  ep  25500/30000  ( 85.0%)  loss 2.1100  val_auc 0.6990±0.0093  best 0.7061  pat 0/20  elapsed 11m09s  ETA 1m58s
[gos_v2_5w5s_cosine_k5]  ep  26000/30000  ( 86.7%)  loss 2.1252  val_auc 0.7010±0.0089  best 0.7061  pat 1/20  elapsed 11m31s  ETA 1m46s
[gos_v2_5w5s_cosine_k5]  ep  26500/30000  ( 88.3%)  loss 2.1058  val_auc 0.7021±0.0094  best 0.7061  pat 2/20  elapsed 11m54s  ETA 1m34s
[gos_v2_5w5s_cosine_k5]  ep  27000/30000  ( 90.0%)  loss 2.1011  val_auc 0.6904±0.0092  best 0.7061  pat 3/20  elapsed 12m16s  ETA 1m21s
[gos_v2_5w5s_cosine_k5]  ep  27500/30000  ( 91.7%)  loss 2.1129  val_auc 0.6949±0.0090  best 0.7061  pat 4/20  elapsed 12m38s  ETA 1m08s
[gos_v2_5w5s_cosine_k5]  ep  28000/30000  ( 93.3%)  loss 2.0632  val_auc 0.6944±0.0096  best 0.7061  pat 5/20  elapsed 13m00s  ETA 0m55s
[gos_v2_5w5s_cosine_k5]  ep  28500/30000  ( 95.0%)  loss 2.1019  val_auc 0.7068±0.0100  best 0.7061  pat 6/20  elapsed 13m21s  ETA 0m42s
[gos_v2_5w5s_cosine_k5]  ep  29000/30000  ( 96.7%)  loss 2.1027  val_auc 0.6935±0.0096  best 0.7068  pat 0/20  elapsed 13m44s  ETA 0m28s
[gos_v2_5w5s_cosine_k5]  ep  29500/30000  ( 98.3%)  loss 2.0823  val_auc 0.6898±0.0089  best 0.7068  pat 1/20  elapsed 14m06s  ETA 0m14s
[gos_v2_5w5s_cosine_k5]  ep  30000/30000  (100.0%)  loss 2.1238  val_auc 0.7068±0.0094  best 0.7068  pat 2/20  elapsed 14m27s  ETA 0m00s

Training complete. Best val AUC: 0.7068
Checkpoint: ./checkpoints/gos_v2_5w5s_cosine_k5_best.pt
History: ./logs_v2/gos_v2_5w5s_cosine_k5_history.json
